2025-12-08 12:22:56,301 INFO Device_connectors.mqtt_client [mqtt_client.py:110]: Publishing to labs/lab2/sensors/lab2_hum_2/state payload={"t": 21.615251504597488, "h": 53.28043539857956, "ts": 1765196576, "sensor_id": "lab2_hum_2"}
2025-12-08 12:22:56,325 INFO Device_connectors.mqtt_client [mqtt_client.py:110]: Publishing to labs/lab3/sensors/lab3_temp_1/state payload={"t": 22.186099205344664, "h": 51.40449819520272, "ts": 1765196576, "sensor_id": "lab3_temp_1"}
2025-12-08 12:22:56,327 INFO Device_connectors.mqtt_client [mqtt_client.py:110]: Publishing to labs/lab3/sensors/lab3_temp_2/state payload={"t": 22.233022852026618, "h": 51.45826391421938, "ts": 1765196576, "sensor_id": "lab3_temp_2"}
2025-12-08 12:22:56,329 INFO Device_connectors.mqtt_client [mqtt_client.py:110]: Publishing to labs/lab3/sensors/lab3_hum_1/state payload={"t": 22.414014071778016, "h": 51.742005609815315, "ts": 1765196576, "sensor_id": "lab3_hum_1"}
2025-12-08 12:22:56,330 INFO Device_connectors.mqtt_client [mqtt_client.py:110]: Publishing to labs/lab3/sensors/lab3_hum_2/state payload={"t": 22.395072675102504, "h": 51.88128888092326, "ts": 1765196576, "sensor_id": "lab3_hum_2"}
2025-12-08 12:23:05,352 INFO Device_connectors.mqtt_client [mqtt_client.py:110]: Publishing to labs/lab1/sensors/lab1_temp_1/state payload={"t": 21.50903524749188, "h": 57.15889533569019, "ts": 1765196585, "sensor_id": "lab1_temp_1"}
2025-12-08 12:23:05,357 INFO Device_connectors.mqtt_client [mqtt_client.py:110]: Publishing to labs/lab1/sensors/lab1_temp_2/state payload={"t": 21.94284653848634, "h": 57.26433574993133, "ts": 1765196585, "sensor_id": "lab1_temp_2"}
2025-12-08 12:23:05,378 INFO Device_connectors.mqtt_client [mqtt_client.py:110]: Publishing to labs/lab1/sensors/lab1_hum_1/state payload={"t": 21.80135587196171, "h": 57.28108755645633, "ts": 1765196585, "sensor_id": "lab1_hum_1"}
2025-12-08 12:23:05,380 INFO Device_connectors.mqtt_client [mqtt_client.py:110]: Publishing to labs/lab1/sensors/lab1_hum_2/state payload={"t": 21.68398851210957, "h": 57.40338789809565, "ts": 1765196585, "sensor_id": "lab1_hum_2"}
2025-12-08 12:23:05,382 INFO Device_connectors.mqtt_client [mqtt_client.py:110]: Publishing to labs/lab2/sensors/lab2_temp_1/state payload={"t": 21.535280788293488, "h": 53.06172943325298, "ts": 1765196585, "sensor_id": "lab2_temp_1"}
2025-12-08 12:23:05,383 INFO Device_connectors.mqtt_client [mqtt_client.py:110]: Publishing to labs/lab2/sensors/lab2_temp_2/state payload={"t": 21.33962782922874, "h": 52.99182358838772, "ts": 1765196585, "sensor_id": "lab2_temp_2"}
2025-12-08 12:23:05,385 INFO Device_connectors.mqtt_client [mqtt_client.py:110]: Publishing to labs/lab2/sensors/lab2_hum_1/state payload={"t": 21.432107989327164, "h": 52.49385528647156, "ts": 1765196585, "sensor_id": "lab2_hum_1"}
2025-12-08 12:23:05,388 INFO Device_connectors.mqtt_client [mqtt_client.py:110]: Publishing to labs/lab2/sensors/lab2_hum_2/state payload={"t": 21.736650897019747, "h": 52.63823083194725, "ts": 1765196585, "sensor_id": "lab2_hum_2"}
2025-12-08 12:23:05,390 INFO Device_connectors.mqtt_client [mqtt_client.py:110]: Publishing to labs/lab3/sensors/lab3_temp_1/state payload={"t": 22.05529834807805, "h": 50.976279251542984, "ts": 1765196585, "sensor_id": "lab3_temp_1"}
2025-12-08 12:23:05,405 INFO Device_connectors.mqtt_client [mqtt_client.py:110]: Publishing to labs/lab3/sensors/lab3_temp_2/state payload={"t": 22.053847550204612, "h": 51.166022216830456, "ts": 1765196585, "sensor_id": "lab3_temp_2"}
2025-12-08 12:23:05,407 INFO Device_connectors.mqtt_client [mqtt_client.py:110]: Publishing to labs/lab3/sensors/lab3_hum_1/state payload={"t": 22.385327389216403, "h": 50.94502864326513, "ts": 1765196585, "sensor_id": "lab3_hum_1"}
2025-12-08 12:23:05,408 INFO Device_connectors.mqtt_client [mqtt_client.py:110]: Publishing to labs/lab3/sensors/lab3_hum_2/state payload={"t": 22.20992337794584, "h": 50.87043559141447, "ts": 1765196585, "sensor_id": "lab3_hum_2"}
2025-12-08 12:23:16,396 INFO Device_connectors.mqtt_client [mqtt_client.py:110]: Publishing to labs/lab1/sensors/lab1_temp_1/state payload={"t": 21.385007268848355, "h": 55.51236647280313, "ts": 1765196596, "sensor_id": "lab1_temp_1"}
2025-12-08 12:23:16,398 INFO Device_connectors.mqtt_client [mqtt_client.py:110]: Publishing to labs/lab1/sensors/lab1_temp_2/state payload={"t": 21.29310143803019, "h": 55.3351694384239, "ts": 1765196596, "sensor_id": "lab1_temp_2"}
2025-12-08 12:23:16,410 INFO Device_connectors.mqtt_client [mqtt_client.py:110]: Publishing to labs/lab1/sensors/lab1_hum_1/state payload={"t": 21.46075934795455, "h": 55.06374276997666, "ts": 1765196596, "sensor_id": "lab1_hum_1"}
2025-12-08 12:23:16,412 INFO Device_connectors.mqtt_client [mqtt_client.py:110]: Publishing to labs/lab1/sensors/lab1_hum_2/state payload={"t": 21.45554973545342, "h": 55.271489057038174, "ts": 1765196596, "sensor_id": "lab1_hum_2"}
2025-12-08 12:23:16,413 INFO Device_connectors.mqtt_client [mqtt_client.py:110]: Publishing to labs/lab2/sensors/lab2_temp_1/state payload={"t": 21.580489204019557, "h": 53.0573945154075, "ts": 1765196596, "sensor_id": "lab2_temp_1"}
2025-12-08 12:23:16,415 INFO Device_connectors.mqtt_client [mqtt_client.py:110]: Publishing to labs/lab2/sensors/lab2_temp_2/state payload={"t": 21.914514602316626, "h": 52.94212599432158, "ts": 1765196596, "sensor_id": "lab2_temp_2"}
2025-12-08 12:23:16,417 INFO Device_connectors.mqtt_client [mqtt_client.py:110]: Publishing to labs/lab2/sensors/lab2_hum_1/state payload={"t": 21.625580730307163, "h": 53.1119928546629, "ts": 1765196596, "sensor_id": "lab2_hum_1"}
2025-12-08 12:23:16,420 INFO Device_connectors.mqtt_client [mqtt_client.py:110]: Publishing to labs/lab2/sensors/lab2_hum_2/state payload={"t": 21.69605858573358, "h": 53.217403167909346, "ts": 1765196596, "sensor_id": "lab2_hum_2"}
2025-12-08 12:23:16,421 INFO Device_connectors.mqtt_client [mqtt_client.py:110]: Publishing to labs/lab3/sensors/lab3_temp_1/state payload={"t": 22.4280821448065, "h": 50.84680683886596, "ts": 1765196596, "sensor_id": "lab3_temp_1"}
2025-12-08 12:23:16,430 INFO Device_connectors.mqtt_client [mqtt_client.py:110]: Publishing to labs/lab3/sensors/lab3_temp_2/state payload={"t": 21.994785196383408, "h": 50.85875907510861, "ts": 1765196596, "sensor_id": "lab3_temp_2"}
2025-12-08 12:23:16,431 INFO Device_connectors.mqtt_client [mqtt_client.py:110]: Publishing to labs/lab3/sensors/lab3_hum_1/state payload={"t": 22.189282664087905, "h": 50.14695411448344, "ts": 1765196596, "sensor_id": "lab3_hum_1"}
2025-12-08 12:23:16,433 INFO Device_connectors.mqtt_client [mqtt_client.py:110]: Publishing to labs/lab3/sensors/lab3_hum_2/state payload={"t": 22.25393049833084, "h": 50.532892523279315, "ts": 1765196596, "sensor_id": "lab3_hum_2"}
2025-12-08 12:23:17,478 INFO Device_connectors.mqtt_client [mqtt_client.py:110]: Publishing to labs/lab1/actuators/lab1_dehumidifier_1/cmd payload={"action": "OFF", "source": "rules", "ts": 1765196597}
2025-12-08 12:23:17,479 INFO Device_connectors.mqtt_client [mqtt_client.py:110]: Publishing to labs/lab1/actuators/lab1_dehumidifier_1/state payload={"state": "OFF", "ts": 1765196597, "actuator_id": "lab1_dehumidifier_1"}
2025-12-08 12:23:26,235 INFO Device_connectors.mqtt_client [mqtt_client.py:110]: Publishing to labs/lab1/sensors/lab1_temp_1/state payload={"t": 20.750499898343158, "h": 54.74803509846855, "ts": 1765196606, "sensor_id": "lab1_temp_1"}
2025-12-08 12:23:26,241 INFO Device_connectors.mqtt_client [mqtt_client.py:110]: Publishing to labs/lab1/sensors/lab1_temp_2/state payload={"t": 20.922792299790164, "h": 54.73985881814674, "ts": 1765196606, "sensor_id": "lab1_temp_2"}
2025-12-08 12:23:26,246 INFO Device_connectors.mqtt_client [mqtt_client.py:110]: Publishing to labs/lab1/sensors/lab1_hum_1/state payload={"t": 20.844114939504195, "h": 55.206425640539834, "ts": 1765196606, "sensor_id": "lab1_hum_1"}
2025-12-08 12:23:26,250 INFO Device_connectors.mqtt_client [mqtt_client.py:110]: Publishing to labs/lab1/sensors/lab1_hum_2/state payload={"t": 20.891309060262365, "h": 55.17893553972759, "ts": 1765196606, "sensor_id": "lab1_hum_2"}
2025-12-08 12:23:26,252 INFO Device_connectors.mqtt_client [mqtt_client.py:110]: Publishing to labs/lab2/sensors/lab2_temp_1/state payload={"t": 21.559129724914676, "h": 53.492502916978125, "ts": 1765196606, "sensor_id": "lab2_temp_1"}
2025-12-08 12:23:26,270 INFO Device_connectors.mqtt_client [mqtt_client.py:110]: Publishing to labs/lab2/sensors/lab2_temp_2/state payload={"t": 21.43240468519105, "h": 53.433117375793294, "ts": 1765196606, "sensor_id": "lab2_temp_2"}
2025-12-08 12:23:26,273 INFO Device_connectors.mqtt_client [mqtt_client.py:110]: Publishing to labs/lab2/sensors/lab2_hum_1/state payload={"t": 21.704139020647727, "h": 53.21619696343804, "ts": 1765196606, "sensor_id": "lab2_hum_1"}
2025-12-08 12:23:26,275 INFO Device_connectors.mqtt_client [mqtt_client.py:110]: Publishing to labs/lab2/sensors/lab2_hum_2/state payload={"t": 21.448653454377844, "h": 53.43923221848619, "ts": 1765196606, "sensor_id": "lab2_hum_2"}
2025-12-08 12:23:26,277 INFO Device_connectors.mqtt_client [mqtt_client.py:110]: Publishing to labs/lab3/sensors/lab3_temp_1/state payload={"t": 22.32806795373077, "h": 52.8342926512467, "ts": 1765196606, "sensor_id": "lab3_temp_1"}
2025-12-08 12:23:26,278 INFO Device_connectors.mqtt_client [mqtt_client.py:110]: Publishing to labs/lab3/sensors/lab3_temp_2/state payload={"t": 22.26248175710565, "h": 52.934529992579584, "ts": 1765196606, "sensor_id": "lab3_temp_2"}
2025-12-08 12:23:26,278 INFO Device_connectors.mqtt_client [mqtt_client.py:110]: Publishing to labs/lab3/sensors/lab3_hum_1/state payload={"t": 22.553003656080435, "h": 52.53498621899135, "ts": 1765196606, "sensor_id": "lab3_hum_1"}
2025-12-08 12:23:26,279 INFO Device_connectors.mqtt_client [mqtt_client.py:110]: Publishing to labs/lab3/sensors/lab3_hum_2/state payload={"t": 22.29584163551159, "h": 52.459680170521445, "ts": 1765196606, "sensor_id": "lab3_hum_2"}
2025-12-08 12:23:36,177 INFO Device_connectors.mqtt_client [mqtt_client.py:110]: Publishing to labs/lab1/sensors/lab1_temp_1/state payload={"t": 20.49142852726201, "h": 59.1939595198654, "ts": 1765196616, "sensor_id": "lab1_temp_1"}
2025-12-08 12:23:36,179 INFO Device_connectors.mqtt_client [mqtt_client.py:110]: Publishing to labs/lab1/sensors/lab1_temp_2/state payload={"t": 20.98646326704201, "h": 59.2238613412871, "ts": 1765196616, "sensor_id": "lab1_temp_2"}
2025-12-08 12:23:36,181 INFO Device_connectors.mqtt_client [mqtt_client.py:110]: Publishing to labs/lab1/sensors/lab1_hum_1/state payload={"t": 20.70257213706422, "h": 59.83820708213582, "ts": 1765196616, "sensor_id": "lab1_hum_1"}
2025-12-08 12:23:36,183 INFO Device_connectors.mqtt_client [mqtt_client.py:110]: Publishing to labs/lab1/sensors/lab1_hum_2/state payload={"t": 20.692054427832776, "h": 59.792134743081306, "ts": 1765196616, "sensor_id": "lab1_hum_2"}
2025-12-08 12:23:36,184 INFO Device_connectors.mqtt_client [mqtt_client.py:110]: Publishing to labs/lab2/sensors/lab2_temp_1/state payload={"t": 21.759854246760206, "h": 53.30363168166295, "ts": 1765196616, "sensor_id": "lab2_temp_1"}
2025-12-08 12:23:36,185 INFO Device_connectors.mqtt_client [mqtt_client.py:110]: Publishing to labs/lab2/sensors/lab2_temp_2/state payload={"t": 21.333417424751353, "h": 53.43631221140555, "ts": 1765196616, "sensor_id": "lab2_temp_2"}
2025-12-08 12:23:36,186 INFO Device_connectors.mqtt_client [mqtt_client.py:110]: Publishing to labs/lab2/sensors/lab2_hum_1/state payload={"t": 21.746326987119826, "h": 52.764431205666675, "ts": 1765196616, "sensor_id": "lab2_hum_1"}
2025-12-08 12:23:36,187 INFO Device_connectors.mqtt_client [mqtt_client.py:110]: Publishing to labs/lab2/sensors/lab2_hum_2/state payload={"t": 21.557158134153628, "h": 52.844762477744105, "ts": 1765196616, "sensor_id": "lab2_hum_2"}
2025-12-08 12:23:36,188 INFO Device_connectors.mqtt_client [mqtt_client.py:110]: Publishing to labs/lab3/sensors/lab3_temp_1/state payload={"t": 22.652643913126884, "h": 53.25344342490747, "ts": 1765196616, "sensor_id": "lab3_temp_1"}
2025-12-08 12:23:36,190 INFO Device_connectors.mqtt_client [mqtt_client.py:110]: Publishing to labs/lab3/sensors/lab3_temp_2/state payload={"t": 22.372769293652034, "h": 53.44700196785912, "ts": 1765196616, "sensor_id": "lab3_temp_2"}
2025-12-08 12:23:36,191 INFO Device_connectors.mqtt_client [mqtt_client.py:110]: Publishing to labs/lab3/sensors/lab3_hum_1/state payload={"t": 22.343538273358508, "h": 53.25279677363743, "ts": 1765196616, "sensor_id": "lab3_hum_1"}
2025-12-08 12:23:36,192 INFO Device_connectors.mqtt_client [mqtt_client.py:110]: Publishing to labs/lab3/sensors/lab3_hum_2/state payload={"t": 22.257508267265056, "h": 53.27202562023615, "ts": 1765196616, "sensor_id": "lab3_hum_2"}
2025-12-08 12:23:37,484 INFO Device_connectors.mqtt_client [mqtt_client.py:110]: Publishing to labs/lab1/actuators/lab1_fan_1/cmd payload={"action": "OFF", "source": "rules", "ts": 1765196617}
2025-12-08 12:23:37,487 INFO Device_connectors.mqtt_client [mqtt_client.py:110]: Publishing to labs/lab1/actuators/lab1_fan_1/state payload={"state": "OFF", "ts": 1765196617, "actuator_id": "lab1_fan_1"}
2025-12-08 12:23:46,252 INFO Device_connectors.mqtt_client [mqtt_client.py:110]: Publishing to labs/lab1/sensors/lab1_temp_1/state payload={"t": 20.613881228084917, "h": 58.943838699845266, "ts": 1765196626, "sensor_id": "lab1_temp_1"}
2025-12-08 12:23:46,253 INFO Device_connectors.mqtt_client [mqtt_client.py:110]: Publishing to labs/lab1/sensors/lab1_temp_2/state payload={"t": 20.921876900652258, "h": 58.85101411038873, "ts": 1765196626, "sensor_id": "lab1_temp_2"}
2025-12-08 12:23:46,255 INFO Device_connectors.mqtt_client [mqtt_client.py:110]: Publishing to labs/lab1/sensors/lab1_hum_1/state payload={"t": 20.83273427026918, "h": 59.520862149375006, "ts": 1765196626, "sensor_id": "lab1_hum_1"}
2025-12-08 12:23:46,256 INFO Device_connectors.mqtt_client [mqtt_client.py:110]: Publishing to labs/lab1/sensors/lab1_hum_2/state payload={"t": 20.7560993038944, "h": 58.78960095464681, "ts": 1765196626, "sensor_id": "lab1_hum_2"}
2025-12-08 12:23:46,257 INFO Device_connectors.mqtt_client [mqtt_client.py:110]: Publishing to labs/lab2/sensors/lab2_temp_1/state payload={"t": 21.751567287518803, "h": 52.96845800022894, "ts": 1765196626, "sensor_id": "lab2_temp_1"}
2025-12-08 12:23:46,258 INFO Device_connectors.mqtt_client [mqtt_client.py:110]: Publishing to labs/lab2/sensors/lab2_temp_2/state payload={"t": 21.86885896698018, "h": 53.21921629616782, "ts": 1765196626, "sensor_id": "lab2_temp_2"}
2025-12-08 12:23:46,259 INFO Device_connectors.mqtt_client [mqtt_client.py:110]: Publishing to labs/lab2/sensors/lab2_hum_1/state payload={"t": 21.84818001440676, "h": 53.731187948681, "ts": 1765196626, "sensor_id": "lab2_hum_1"}
2025-12-08 12:23:46,260 INFO Device_connectors.mqtt_client [mqtt_client.py:110]: Publishing to labs/lab2/sensors/lab2_hum_2/state payload={"t": 21.638150626951568, "h": 53.61614246674267, "ts": 1765196626, "sensor_id": "lab2_hum_2"}
2025-12-08 12:23:46,261 INFO Device_connectors.mqtt_client [mqtt_client.py:110]: Publishing to labs/lab3/sensors/lab3_temp_1/state payload={"t": 22.61145495286403, "h": 53.235865746988175, "ts": 1765196626, "sensor_id": "lab3_temp_1"}
2025-12-08 12:23:46,262 INFO Device_connectors.mqtt_client [mqtt_client.py:110]: Publishing to labs/lab3/sensors/lab3_temp_2/state payload={"t": 22.489874837335694, "h": 53.43098688482474, "ts": 1765196626, "sensor_id": "lab3_temp_2"}
2025-12-08 12:23:46,263 INFO Device_connectors.mqtt_client [mqtt_client.py:110]: Publishing to labs/lab3/sensors/lab3_hum_1/state payload={"t": 22.63827695660751, "h": 53.403334407345696, "ts": 1765196626, "sensor_id": "lab3_hum_1"}
2025-12-08 12:23:46,263 INFO Device_connectors.mqtt_client [mqtt_client.py:110]: Publishing to labs/lab3/sensors/lab3_hum_2/state payload={"t": 22.614492533378005, "h": 52.714421604044674, "ts": 1765196626, "sensor_id": "lab3_hum_2"}
2025-12-08 12:23:55,522 INFO Device_connectors.mqtt_client [mqtt_client.py:110]: Publishing to labs/lab1/sensors/lab1_temp_1/state payload={"t": 20.683925414729874, "h": 58.93681725637031, "ts": 1765196635, "sensor_id": "lab1_temp_1"}
2025-12-08 12:23:55,523 INFO Device_connectors.mqtt_client [mqtt_client.py:110]: Publishing to labs/lab1/sensors/lab1_temp_2/state payload={"t": 20.900862980904062, "h": 59.05999166021833, "ts": 1765196635, "sensor_id": "lab1_temp_2"}
2025-12-08 12:23:55,524 INFO Device_connectors.mqtt_client [mqtt_client.py:110]: Publishing to labs/lab1/sensors/lab1_hum_1/state payload={"t": 20.975048339851632, "h": 58.86539913591412, "ts": 1765196635, "sensor_id": "lab1_hum_1"}
2025-12-08 12:23:55,525 INFO Device_connectors.mqtt_client [mqtt_client.py:110]: Publishing to labs/lab1/sensors/lab1_hum_2/state payload={"t": 21.055029102615503, "h": 58.99157235025515, "ts": 1765196635, "sensor_id": "lab1_hum_2"}
2025-12-08 12:23:55,525 INFO Device_connectors.mqtt_client [mqtt_client.py:110]: Publishing to labs/lab2/sensors/lab2_temp_1/state payload={"t": 21.63876955801318, "h": 53.529586771659325, "ts": 1765196635, "sensor_id": "lab2_temp_1"}
2025-12-08 12:23:55,526 INFO Device_connectors.mqtt_client [mqtt_client.py:110]: Publishing to labs/lab2/sensors/lab2_temp_2/state payload={"t": 21.545625417076224, "h": 53.41330337279298, "ts": 1765196635, "sensor_id": "lab2_temp_2"}
2025-12-08 12:23:55,527 INFO Device_connectors.mqtt_client [mqtt_client.py:110]: Publishing to labs/lab2/sensors/lab2_hum_1/state payload={"t": 21.64536634935404, "h": 54.09016186132844, "ts": 1765196635, "sensor_id": "lab2_hum_1"}
2025-12-08 12:23:55,528 INFO Device_connectors.mqtt_client [mqtt_client.py:110]: Publishing to labs/lab2/sensors/lab2_hum_2/state payload={"t": 21.34341036046285, "h": 53.31742641252478, "ts": 1765196635, "sensor_id": "lab2_hum_2"}
2025-12-08 12:23:55,528 INFO Device_connectors.mqtt_client [mqtt_client.py:110]: Publishing to labs/lab3/sensors/lab3_temp_1/state payload={"t": 22.25222675299047, "h": 53.28008985957735, "ts": 1765196635, "sensor_id": "lab3_temp_1"}
2025-12-08 12:23:55,529 INFO Device_connectors.mqtt_client [mqtt_client.py:110]: Publishing to labs/lab3/sensors/lab3_temp_2/state payload={"t": 22.36881126408408, "h": 53.09535606920287, "ts": 1765196635, "sensor_id": "lab3_temp_2"}
2025-12-08 12:23:55,530 INFO Device_connectors.mqtt_client [mqtt_client.py:110]: Publishing to labs/lab3/sensors/lab3_hum_1/state payload={"t": 22.211566918602262, "h": 53.0213154920093, "ts": 1765196635, "sensor_id": "lab3_hum_1"}
2025-12-08 12:23:55,531 INFO Device_connectors.mqtt_client [mqtt_client.py:110]: Publishing to labs/lab3/sensors/lab3_hum_2/state payload={"t": 22.154675213298173, "h": 53.65757271081993, "ts": 1765196635, "sensor_id": "lab3_hum_2"}
2025-12-08 12:24:04,697 INFO Device_connectors.mqtt_client [mqtt_client.py:110]: Publishing to labs/lab1/sensors/lab1_temp_1/state payload={"t": 21.358179068373474, "h": 59.68009915696624, "ts": 1765196644, "sensor_id": "lab1_temp_1"}
2025-12-08 12:24:04,699 INFO Device_connectors.mqtt_client [mqtt_client.py:110]: Publishing to labs/lab1/sensors/lab1_temp_2/state payload={"t": 21.21963649357898, "h": 59.492303212462886, "ts": 1765196644, "sensor_id": "lab1_temp_2"}
2025-12-08 12:24:04,700 INFO Device_connectors.mqtt_client [mqtt_client.py:110]: Publishing to labs/lab1/sensors/lab1_hum_1/state payload={"t": 21.003323046389156, "h": 59.361605371817326, "ts": 1765196644, "sensor_id": "lab1_hum_1"}
2025-12-08 12:24:04,701 INFO Device_connectors.mqtt_client [mqtt_client.py:110]: Publishing to labs/lab1/sensors/lab1_hum_2/state payload={"t": 21.19720419666965, "h": 59.88716839502385, "ts": 1765196644, "sensor_id": "lab1_hum_2"}
2025-12-08 12:24:04,702 INFO Device_connectors.mqtt_client [mqtt_client.py:110]: Publishing to labs/lab2/sensors/lab2_temp_1/state payload={"t": 21.47129320973963, "h": 53.67989075743372, "ts": 1765196644, "sensor_id": "lab2_temp_1"}
2025-12-08 12:24:04,703 INFO Device_connectors.mqtt_client [mqtt_client.py:110]: Publishing to labs/lab2/sensors/lab2_temp_2/state payload={"t": 21.25818901853514, "h": 53.77910584119796, "ts": 1765196644, "sensor_id": "lab2_temp_2"}
2025-12-08 12:24:04,705 INFO Device_connectors.mqtt_client [mqtt_client.py:110]: Publishing to labs/lab2/sensors/lab2_hum_1/state payload={"t": 21.329158923677326, "h": 53.689608375635245, "ts": 1765196644, "sensor_id": "lab2_hum_1"}
2025-12-08 12:24:04,706 INFO Device_connectors.mqtt_client [mqtt_client.py:110]: Publishing to labs/lab2/sensors/lab2_hum_2/state payload={"t": 21.268104997694525, "h": 53.804191923357656, "ts": 1765196644, "sensor_id": "lab2_hum_2"}
2025-12-08 12:24:04,707 INFO Device_connectors.mqtt_client [mqtt_client.py:110]: Publishing to labs/lab3/sensors/lab3_temp_1/state payload={"t": 22.627131257599586, "h": 52.86468924185298, "ts": 1765196644, "sensor_id": "lab3_temp_1"}
2025-12-08 12:24:04,709 INFO Device_connectors.mqtt_client [mqtt_client.py:110]: Publishing to labs/lab3/sensors/lab3_temp_2/state payload={"t": 22.58649519827607, "h": 52.72133481684606, "ts": 1765196644, "sensor_id": "lab3_temp_2"}
2025-12-08 12:24:04,710 INFO Device_connectors.mqtt_client [mqtt_client.py:110]: Publishing to labs/lab3/sensors/lab3_hum_1/state payload={"t": 22.530338682457824, "h": 52.841434279613985, "ts": 1765196644, "sensor_id": "lab3_hum_1"}
2025-12-08 12:24:04,711 INFO Device_connectors.mqtt_client [mqtt_client.py:110]: Publishing to labs/lab3/sensors/lab3_hum_2/state payload={"t": 22.23367482548049, "h": 52.81310096881256, "ts": 1765196644, "sensor_id": "lab3_hum_2"}
2025-12-08 12:24:15,418 INFO Device_connectors.mqtt_client [mqtt_client.py:110]: Publishing to labs/lab1/sensors/lab1_temp_1/state payload={"t": 21.0542295920444, "h": 59.6085294775282, "ts": 1765196655, "sensor_id": "lab1_temp_1"}
2025-12-08 12:24:15,420 INFO Device_connectors.mqtt_client [mqtt_client.py:110]: Publishing to labs/lab1/sensors/lab1_temp_2/state payload={"t": 20.814418407871926, "h": 59.67769816617825, "ts": 1765196655, "sensor_id": "lab1_temp_2"}
2025-12-08 12:24:15,422 INFO Device_connectors.mqtt_client [mqtt_client.py:110]: Publishing to labs/lab1/sensors/lab1_hum_1/state payload={"t": 21.120997702192245, "h": 60.16982574423042, "ts": 1765196655, "sensor_id": "lab1_hum_1"}
2025-12-08 12:24:15,423 INFO Device_connectors.mqtt_client [mqtt_client.py:110]: Publishing to labs/lab1/sensors/lab1_hum_2/state payload={"t": 20.871196951718623, "h": 59.417857355499756, "ts": 1765196655, "sensor_id": "lab1_hum_2"}
2025-12-08 12:24:15,424 INFO Device_connectors.mqtt_client [mqtt_client.py:110]: Publishing to labs/lab2/sensors/lab2_temp_1/state payload={"t": 21.335525372638145, "h": 53.571701215539946, "ts": 1765196655, "sensor_id": "lab2_temp_1"}
2025-12-08 12:24:15,425 INFO Device_connectors.mqtt_client [mqtt_client.py:110]: Publishing to labs/lab2/sensors/lab2_temp_2/state payload={"t": 21.263822017568923, "h": 53.668417499269665, "ts": 1765196655, "sensor_id": "lab2_temp_2"}
2025-12-08 12:24:15,427 INFO Device_connectors.mqtt_client [mqtt_client.py:110]: Publishing to labs/lab2/sensors/lab2_hum_1/state payload={"t": 21.13894399472343, "h": 53.135316341525645, "ts": 1765196655, "sensor_id": "lab2_hum_1"}
2025-12-08 12:24:15,429 INFO Device_connectors.mqtt_client [mqtt_client.py:110]: Publishing to labs/lab2/sensors/lab2_hum_2/state payload={"t": 21.19019869638307, "h": 53.348250732037535, "ts": 1765196655, "sensor_id": "lab2_hum_2"}
2025-12-08 12:24:15,430 INFO Device_connectors.mqtt_client [mqtt_client.py:110]: Publishing to labs/lab3/sensors/lab3_temp_1/state payload={"t": 22.362951216447122, "h": 53.40783964643749, "ts": 1765196655, "sensor_id": "lab3_temp_1"}
2025-12-08 12:24:15,431 INFO Device_connectors.mqtt_client [mqtt_client.py:110]: Publishing to labs/lab3/sensors/lab3_temp_2/state payload={"t": 22.511617407497585, "h": 53.45966508909828, "ts": 1765196655, "sensor_id": "lab3_temp_2"}
2025-12-08 12:24:15,432 INFO Device_connectors.mqtt_client [mqtt_client.py:110]: Publishing to labs/lab3/sensors/lab3_hum_1/state payload={"t": 22.582549993243962, "h": 53.32059554114241, "ts": 1765196655, "sensor_id": "lab3_hum_1"}
2025-12-08 12:24:15,433 INFO Device_connectors.mqtt_client [mqtt_client.py:110]: Publishing to labs/lab3/sensors/lab3_hum_2/state payload={"t": 22.364525862116203, "h": 52.953531642195394, "ts": 1765196655, "sensor_id": "lab3_hum_2"}
2025-12-08 12:24:26,166 INFO Device_connectors.mqtt_client [mqtt_client.py:110]: Publishing to labs/lab1/sensors/lab1_temp_1/state payload={"t": 20.982779458951264, "h": 59.718780919191026, "ts": 1765196666, "sensor_id": "lab1_temp_1"}
2025-12-08 12:24:26,167 INFO Device_connectors.mqtt_client [mqtt_client.py:110]: Publishing to labs/lab1/sensors/lab1_temp_2/state payload={"t": 20.90326632748635, "h": 59.54342721842581, "ts": 1765196666, "sensor_id": "lab1_temp_2"}
2025-12-08 12:24:26,169 INFO Device_connectors.mqtt_client [mqtt_client.py:110]: Publishing to labs/lab1/sensors/lab1_hum_1/state payload={"t": 20.957574226899077, "h": 60.06476257859944, "ts": 1765196666, "sensor_id": "lab1_hum_1"}
2025-12-08 12:24:26,170 INFO Device_connectors.mqtt_client [mqtt_client.py:110]: Publishing to labs/lab1/sensors/lab1_hum_2/state payload={"t": 21.03282788516281, "h": 59.878749792674604, "ts": 1765196666, "sensor_id": "lab1_hum_2"}
2025-12-08 12:24:26,172 INFO Device_connectors.mqtt_client [mqtt_client.py:110]: Publishing to labs/lab2/sensors/lab2_temp_1/state payload={"t": 21.042406060335423, "h": 54.38697360068113, "ts": 1765196666, "sensor_id": "lab2_temp_1"}
2025-12-08 12:24:26,173 INFO Device_connectors.mqtt_client [mqtt_client.py:110]: Publishing to labs/lab2/sensors/lab2_temp_2/state payload={"t": 20.82879310510242, "h": 54.374933597675835, "ts": 1765196666, "sensor_id": "lab2_temp_2"}
2025-12-08 12:24:26,175 INFO Device_connectors.mqtt_client [mqtt_client.py:110]: Publishing to labs/lab2/sensors/lab2_hum_1/state payload={"t": 21.043488891149615, "h": 53.67170484257201, "ts": 1765196666, "sensor_id": "lab2_hum_1"}
2025-12-08 12:24:26,176 INFO Device_connectors.mqtt_client [mqtt_client.py:110]: Publishing to labs/lab2/sensors/lab2_hum_2/state payload={"t": 21.16768481654845, "h": 54.57824889598216, "ts": 1765196666, "sensor_id": "lab2_hum_2"}
2025-12-08 12:24:26,178 INFO Device_connectors.mqtt_client [mqtt_client.py:110]: Publishing to labs/lab3/sensors/lab3_temp_1/state payload={"t": 22.341301111530207, "h": 53.15002336383964, "ts": 1765196666, "sensor_id": "lab3_temp_1"}
2025-12-08 12:24:26,179 INFO Device_connectors.mqtt_client [mqtt_client.py:110]: Publishing to labs/lab3/sensors/lab3_temp_2/state payload={"t": 22.591509179047492, "h": 53.26813722352299, "ts": 1765196666, "sensor_id": "lab3_temp_2"}
2025-12-08 12:24:26,181 INFO Device_connectors.mqtt_client [mqtt_client.py:110]: Publishing to labs/lab3/sensors/lab3_hum_1/state payload={"t": 22.46170369656612, "h": 52.55084893517146, "ts": 1765196666, "sensor_id": "lab3_hum_1"}
2025-12-08 12:24:26,182 INFO Device_connectors.mqtt_client [mqtt_client.py:110]: Publishing to labs/lab3/sensors/lab3_hum_2/state payload={"t": 22.444599183881333, "h": 53.43615669771799, "ts": 1765196666, "sensor_id": "lab3_hum_2"}
2025-12-08 12:24:36,551 INFO Device_connectors.mqtt_client [mqtt_client.py:110]: Publishing to labs/lab1/sensors/lab1_temp_1/state payload={"t": 21.260205974950207, "h": 59.977157146642725, "ts": 1765196676, "sensor_id": "lab1_temp_1"}
2025-12-08 12:24:36,552 INFO Device_connectors.mqtt_client [mqtt_client.py:110]: Publishing to labs/lab1/sensors/lab1_temp_2/state payload={"t": 20.8042250349572, "h": 59.989417407602126, "ts": 1765196676, "sensor_id": "lab1_temp_2"}
2025-12-08 12:24:36,554 INFO Device_connectors.mqtt_client [mqtt_client.py:110]: Publishing to labs/lab1/sensors/lab1_hum_1/state payload={"t": 21.115198358357574, "h": 59.902670146348136, "ts": 1765196676, "sensor_id": "lab1_hum_1"}
2025-12-08 12:24:36,556 INFO Device_connectors.mqtt_client [mqtt_client.py:110]: Publishing to labs/lab1/sensors/lab1_hum_2/state payload={"t": 21.061922818529563, "h": 59.66072301532952, "ts": 1765196676, "sensor_id": "lab1_hum_2"}
2025-12-08 12:24:36,563 INFO Device_connectors.mqtt_client [mqtt_client.py:110]: Publishing to labs/lab2/sensors/lab2_temp_1/state payload={"t": 21.189897591322524, "h": 54.482924533272914, "ts": 1765196676, "sensor_id": "lab2_temp_1"}
2025-12-08 12:24:36,565 INFO Device_connectors.mqtt_client [mqtt_client.py:110]: Publishing to labs/lab2/sensors/lab2_temp_2/state payload={"t": 21.067047774440603, "h": 54.402133661617704, "ts": 1765196676, "sensor_id": "lab2_temp_2"}
2025-12-08 12:24:36,566 INFO Device_connectors.mqtt_client [mqtt_client.py:110]: Publishing to labs/lab2/sensors/lab2_hum_1/state payload={"t": 20.976395650283344, "h": 54.35746818566801, "ts": 1765196676, "sensor_id": "lab2_hum_1"}
2025-12-08 12:24:36,567 INFO Device_connectors.mqtt_client [mqtt_client.py:110]: Publishing to labs/lab2/sensors/lab2_hum_2/state payload={"t": 20.959395988488712, "h": 54.42871380962762, "ts": 1765196676, "sensor_id": "lab2_hum_2"}
2025-12-08 12:24:36,569 INFO Device_connectors.mqtt_client [mqtt_client.py:110]: Publishing to labs/lab3/sensors/lab3_temp_1/state payload={"t": 22.499499239539652, "h": 52.99522085576148, "ts": 1765196676, "sensor_id": "lab3_temp_1"}
2025-12-08 12:24:36,570 INFO Device_connectors.mqtt_client [mqtt_client.py:110]: Publishing to labs/lab3/sensors/lab3_temp_2/state payload={"t": 22.134503222019433, "h": 52.909767420194264, "ts": 1765196676, "sensor_id": "lab3_temp_2"}
2025-12-08 12:24:36,571 INFO Device_connectors.mqtt_client [mqtt_client.py:110]: Publishing to labs/lab3/sensors/lab3_hum_1/state payload={"t": 22.442937409768405, "h": 52.356668641109415, "ts": 1765196676, "sensor_id": "lab3_hum_1"}
2025-12-08 12:24:36,572 INFO Device_connectors.mqtt_client [mqtt_client.py:110]: Publishing to labs/lab3/sensors/lab3_hum_2/state payload={"t": 22.302024287430353, "h": 52.637760605318626, "ts": 1765196676, "sensor_id": "lab3_hum_2"}
2025-12-08 12:24:47,051 INFO Device_connectors.mqtt_client [mqtt_client.py:110]: Publishing to labs/lab1/sensors/lab1_temp_1/state payload={"t": 21.23681121686149, "h": 60.18882507280102, "ts": 1765196687, "sensor_id": "lab1_temp_1"}
2025-12-08 12:24:47,052 INFO Device_connectors.mqtt_client [mqtt_client.py:110]: Publishing to labs/lab1/sensors/lab1_temp_2/state payload={"t": 20.873667295449426, "h": 60.18180289818315, "ts": 1765196687, "sensor_id": "lab1_temp_2"}
2025-12-08 12:24:47,057 INFO Device_connectors.mqtt_client [mqtt_client.py:110]: Publishing to labs/lab1/sensors/lab1_hum_1/state payload={"t": 20.99090650909086, "h": 60.01902306435992, "ts": 1765196687, "sensor_id": "lab1_hum_1"}
2025-12-08 12:24:47,058 INFO Device_connectors.mqtt_client [mqtt_client.py:110]: Publishing to labs/lab1/sensors/lab1_hum_2/state payload={"t": 21.099330521619812, "h": 60.53597447138991, "ts": 1765196687, "sensor_id": "lab1_hum_2"}
2025-12-08 12:24:47,060 INFO Device_connectors.mqtt_client [mqtt_client.py:110]: Publishing to labs/lab2/sensors/lab2_temp_1/state payload={"t": 21.248215217510907, "h": 54.34732096336448, "ts": 1765196687, "sensor_id": "lab2_temp_1"}
2025-12-08 12:24:47,061 INFO Device_connectors.mqtt_client [mqtt_client.py:110]: Publishing to labs/lab2/sensors/lab2_temp_2/state payload={"t": 21.564732243945983, "h": 54.55164093405778, "ts": 1765196687, "sensor_id": "lab2_temp_2"}
2025-12-08 12:24:47,062 INFO Device_connectors.mqtt_client [mqtt_client.py:110]: Publishing to labs/lab2/sensors/lab2_hum_1/state payload={"t": 21.313775347046768, "h": 54.31801993210368, "ts": 1765196687, "sensor_id": "lab2_hum_1"}
2025-12-08 12:24:47,063 INFO Device_connectors.mqtt_client [mqtt_client.py:110]: Publishing to labs/lab2/sensors/lab2_hum_2/state payload={"t": 21.30873155475913, "h": 54.03003171482342, "ts": 1765196687, "sensor_id": "lab2_hum_2"}
2025-12-08 12:24:47,066 INFO Device_connectors.mqtt_client [mqtt_client.py:110]: Publishing to labs/lab3/sensors/lab3_temp_1/state payload={"t": 22.478094061055003, "h": 52.900727661122, "ts": 1765196687, "sensor_id": "lab3_temp_1"}
2025-12-08 12:24:47,067 INFO Device_connectors.mqtt_client [mqtt_client.py:110]: Publishing to labs/lab3/sensors/lab3_temp_2/state payload={"t": 22.49470762643896, "h": 52.86072556525145, "ts": 1765196687, "sensor_id": "lab3_temp_2"}
2025-12-08 12:24:47,068 INFO Device_connectors.mqtt_client [mqtt_client.py:110]: Publishing to labs/lab3/sensors/lab3_hum_1/state payload={"t": 22.467976263200416, "h": 52.45048050450508, "ts": 1765196687, "sensor_id": "lab3_hum_1"}
2025-12-08 12:24:47,069 INFO Device_connectors.mqtt_client [mqtt_client.py:110]: Publishing to labs/lab3/sensors/lab3_hum_2/state payload={"t": 22.361548994825423, "h": 52.25530278128227, "ts": 1765196687, "sensor_id": "lab3_hum_2"}
2025-12-08 12:24:57,258 INFO Device_connectors.mqtt_client [mqtt_client.py:110]: Publishing to labs/lab1/sensors/lab1_temp_1/state payload={"t": 21.078178390740128, "h": 60.32890296250317, "ts": 1765196697, "sensor_id": "lab1_temp_1"}
2025-12-08 12:24:57,259 INFO Device_connectors.mqtt_client [mqtt_client.py:110]: Publishing to labs/lab1/sensors/lab1_temp_2/state payload={"t": 20.78874731681774, "h": 60.27263272451562, "ts": 1765196697, "sensor_id": "lab1_temp_2"}
2025-12-08 12:24:57,260 INFO Device_connectors.mqtt_client [mqtt_client.py:110]: Publishing to labs/lab1/sensors/lab1_hum_1/state payload={"t": 20.7852711929383, "h": 60.258360537532546, "ts": 1765196697, "sensor_id": "lab1_hum_1"}
2025-12-08 12:24:57,275 INFO Device_connectors.mqtt_client [mqtt_client.py:110]: Publishing to labs/lab1/sensors/lab1_hum_2/state payload={"t": 20.830687041198352, "h": 59.815418173031105, "ts": 1765196697, "sensor_id": "lab1_hum_2"}
2025-12-08 12:24:57,278 INFO Device_connectors.mqtt_client [mqtt_client.py:110]: Publishing to labs/lab2/sensors/lab2_temp_1/state payload={"t": 21.336655466832593, "h": 57.69577711819687, "ts": 1765196697, "sensor_id": "lab2_temp_1"}
2025-12-08 12:24:57,280 INFO Device_connectors.mqtt_client [mqtt_client.py:110]: Publishing to labs/lab2/sensors/lab2_temp_2/state payload={"t": 21.056921822462556, "h": 57.7973246928956, "ts": 1765196697, "sensor_id": "lab2_temp_2"}
2025-12-08 12:24:57,282 INFO Device_connectors.mqtt_client [mqtt_client.py:110]: Publishing to labs/lab2/sensors/lab2_hum_1/state payload={"t": 21.027416740292967, "h": 57.184184398902424, "ts": 1765196697, "sensor_id": "lab2_hum_1"}
2025-12-08 12:24:57,295 INFO Device_connectors.mqtt_client [mqtt_client.py:110]: Publishing to labs/lab2/sensors/lab2_hum_2/state payload={"t": 21.182244154534274, "h": 58.17995323768855, "ts": 1765196697, "sensor_id": "lab2_hum_2"}
2025-12-08 12:24:57,297 INFO Device_connectors.mqtt_client [mqtt_client.py:110]: Publishing to labs/lab3/sensors/lab3_temp_1/state payload={"t": 22.784038392384645, "h": 52.99328265958658, "ts": 1765196697, "sensor_id": "lab3_temp_1"}
2025-12-08 12:24:57,298 INFO Device_connectors.mqtt_client [mqtt_client.py:110]: Publishing to labs/lab3/sensors/lab3_temp_2/state payload={"t": 22.76095124318369, "h": 53.135412880999276, "ts": 1765196697, "sensor_id": "lab3_temp_2"}
2025-12-08 12:24:57,313 INFO Device_connectors.mqtt_client [mqtt_client.py:110]: Publishing to labs/lab3/sensors/lab3_hum_1/state payload={"t": 22.57771890432501, "h": 53.477801521756845, "ts": 1765196697, "sensor_id": "lab3_hum_1"}
2025-12-08 12:24:57,318 INFO Device_connectors.mqtt_client [mqtt_client.py:110]: Publishing to labs/lab3/sensors/lab3_hum_2/state payload={"t": 22.617482252185766, "h": 52.70607328446797, "ts": 1765196697, "sensor_id": "lab3_hum_2"}
2025-12-08 12:24:57,761 INFO Device_connectors.mqtt_client [mqtt_client.py:110]: Publishing to labs/lab1/actuators/lab1_fan_1/cmd payload={"action": "ON", "source": "rules", "ts": 1765196697}
2025-12-08 12:24:57,763 INFO Device_connectors.mqtt_client [mqtt_client.py:110]: Publishing to labs/lab1/actuators/lab1_fan_1/state payload={"state": "ON", "ts": 1765196697, "actuator_id": "lab1_fan_1"}
2025-12-08 12:24:57,763 INFO Device_connectors.mqtt_client [mqtt_client.py:110]: Publishing to labs/lab1/actuators/lab1_dehumidifier_1/cmd payload={"action": "ON", "source": "rules", "ts": 1765196697}
2025-12-08 12:24:57,764 INFO Device_connectors.mqtt_client [mqtt_client.py:110]: Publishing to labs/lab1/actuators/lab1_dehumidifier_1/state payload={"state": "ON", "ts": 1765196697, "actuator_id": "lab1_dehumidifier_1"}
2025-12-08 12:25:06,500 INFO Device_connectors.mqtt_client [mqtt_client.py:110]: Publishing to labs/lab1/sensors/lab1_temp_1/state payload={"t": 20.61600358167567, "h": 58.362187736402596, "ts": 1765196706, "sensor_id": "lab1_temp_1"}
2025-12-08 12:25:06,504 INFO Device_connectors.mqtt_client [mqtt_client.py:110]: Publishing to labs/lab1/sensors/lab1_temp_2/state payload={"t": 20.308485096199313, "h": 58.31289463276262, "ts": 1765196706, "sensor_id": "lab1_temp_2"}
2025-12-08 12:25:06,512 INFO Device_connectors.mqtt_client [mqtt_client.py:110]: Publishing to labs/lab1/sensors/lab1_hum_1/state payload={"t": 20.601638269434115, "h": 58.00754693077919, "ts": 1765196706, "sensor_id": "lab1_hum_1"}
2025-12-08 12:25:06,522 INFO Device_connectors.mqtt_client [mqtt_client.py:110]: Publishing to labs/lab1/sensors/lab1_hum_2/state payload={"t": 20.35530217747486, "h": 57.969443910458565, "ts": 1765196706, "sensor_id": "lab1_hum_2"}
2025-12-08 12:25:06,527 INFO Device_connectors.mqtt_client [mqtt_client.py:110]: Publishing to labs/lab2/sensors/lab2_temp_1/state payload={"t": 21.119030928083085, "h": 58.213746106907564, "ts": 1765196706, "sensor_id": "lab2_temp_1"}
2025-12-08 12:25:06,535 INFO Device_connectors.mqtt_client [mqtt_client.py:110]: Publishing to labs/lab2/sensors/lab2_temp_2/state payload={"t": 21.05540950318907, "h": 58.247337928498595, "ts": 1765196706, "sensor_id": "lab2_temp_2"}
2025-12-08 12:25:06,540 INFO Device_connectors.mqtt_client [mqtt_client.py:110]: Publishing to labs/lab2/sensors/lab2_hum_1/state payload={"t": 20.889976852009628, "h": 57.92966622727748, "ts": 1765196706, "sensor_id": "lab2_hum_1"}
2025-12-08 12:25:06,543 INFO Device_connectors.mqtt_client [mqtt_client.py:110]: Publishing to labs/lab2/sensors/lab2_hum_2/state payload={"t": 21.131677717340832, "h": 58.16777417379332, "ts": 1765196706, "sensor_id": "lab2_hum_2"}
2025-12-08 12:25:06,547 INFO Device_connectors.mqtt_client [mqtt_client.py:110]: Publishing to labs/lab3/sensors/lab3_temp_1/state payload={"t": 22.389967944762653, "h": 53.41468462410945, "ts": 1765196706, "sensor_id": "lab3_temp_1"}
2025-12-08 12:25:06,550 INFO Device_connectors.mqtt_client [mqtt_client.py:110]: Publishing to labs/lab3/sensors/lab3_temp_2/state payload={"t": 22.611032786338015, "h": 53.06116817092964, "ts": 1765196706, "sensor_id": "lab3_temp_2"}
2025-12-08 12:25:06,553 INFO Device_connectors.mqtt_client [mqtt_client.py:110]: Publishing to labs/lab3/sensors/lab3_hum_1/state payload={"t": 22.662487344728778, "h": 53.403882219659295, "ts": 1765196706, "sensor_id": "lab3_hum_1"}
2025-12-08 12:25:06,555 INFO Device_connectors.mqtt_client [mqtt_client.py:110]: Publishing to labs/lab3/sensors/lab3_hum_2/state payload={"t": 22.560084202921086, "h": 53.17609208720938, "ts": 1765196706, "sensor_id": "lab3_hum_2"}
2025-12-08 12:28:05,867 INFO Device_connectors.mqtt_client [mqtt_client.py:99]: Connecting to MQTT broker at mqtt:1883
2025-12-08 12:28:05,868 INFO Device_connectors.mqtt_client [mqtt_client.py:106]: Subscribed to labs/+/sensors/+/state
2025-12-08 12:28:05,872 INFO Device_connectors.mqtt_client [mqtt_client.py:106]: Subscribed to labs/+/actuators/+/state
2025-12-08 12:28:05,879 INFO controller.rules [rules.py:55]: Loaded 12 actuators from /app/catalog/devices.json
2025-12-08 12:28:05,908 INFO Device_connectors.mqtt_client [mqtt_client.py:99]: Connecting to MQTT broker at mqtt:1883
2025-12-08 12:28:05,909 INFO Device_connectors.mqtt_client [mqtt_client.py:106]: Subscribed to labs/+/actuators/+/cmd
2025-12-08 12:28:05,910 INFO Device_connectors.mqtt_client [mqtt_client.py:110]: Publishing to labs/lab1/actuators/lab1_fan_1/state payload={"state": "OFF", "ts": 1765196885, "actuator_id": "lab1_fan_1"}
2025-12-08 12:28:05,911 INFO Device_connectors.mqtt_client [mqtt_client.py:110]: Publishing to labs/lab1/actuators/lab1_dehumidifier_1/state payload={"state": "OFF", "ts": 1765196885, "actuator_id": "lab1_dehumidifier_1"}
2025-12-08 12:28:05,913 INFO Device_connectors.mqtt_client [mqtt_client.py:110]: Publishing to labs/lab1/actuators/lab1_humidifier_1/state payload={"state": "OFF", "ts": 1765196885, "actuator_id": "lab1_humidifier_1"}
2025-12-08 12:28:05,914 INFO Device_connectors.mqtt_client [mqtt_client.py:110]: Publishing to labs/lab1/actuators/lab1_heater_1/state payload={"state": "OFF", "ts": 1765196885, "actuator_id": "lab1_heater_1"}
2025-12-08 12:28:05,916 INFO Device_connectors.mqtt_client [mqtt_client.py:110]: Publishing to labs/lab2/actuators/lab2_fan_1/state payload={"state": "OFF", "ts": 1765196885, "actuator_id": "lab2_fan_1"}
2025-12-08 12:28:05,917 INFO Device_connectors.mqtt_client [mqtt_client.py:110]: Publishing to labs/lab2/actuators/lab2_dehumidifier_1/state payload={"state": "OFF", "ts": 1765196885, "actuator_id": "lab2_dehumidifier_1"}
2025-12-08 12:28:05,918 INFO Device_connectors.mqtt_client [mqtt_client.py:110]: Publishing to labs/lab2/actuators/lab2_humidifier_1/state payload={"state": "OFF", "ts": 1765196885, "actuator_id": "lab2_humidifier_1"}
2025-12-08 12:28:05,919 INFO Device_connectors.mqtt_client [mqtt_client.py:110]: Publishing to labs/lab2/actuators/lab2_heater_1/state payload={"state": "OFF", "ts": 1765196885, "actuator_id": "lab2_heater_1"}
2025-12-08 12:28:05,920 INFO Device_connectors.mqtt_client [mqtt_client.py:110]: Publishing to labs/lab3/actuators/lab3_fan_1/state payload={"state": "OFF", "ts": 1765196885, "actuator_id": "lab3_fan_1"}
2025-12-08 12:28:05,921 INFO Device_connectors.mqtt_client [mqtt_client.py:110]: Publishing to labs/lab3/actuators/lab3_dehumidifier_1/state payload={"state": "OFF", "ts": 1765196885, "actuator_id": "lab3_dehumidifier_1"}
2025-12-08 12:28:05,922 INFO Device_connectors.mqtt_client [mqtt_client.py:110]: Publishing to labs/lab3/actuators/lab3_humidifier_1/state payload={"state": "OFF", "ts": 1765196885, "actuator_id": "lab3_humidifier_1"}
2025-12-08 12:28:05,924 INFO Device_connectors.mqtt_client [mqtt_client.py:110]: Publishing to labs/lab3/actuators/lab3_heater_1/state payload={"state": "OFF", "ts": 1765196885, "actuator_id": "lab3_heater_1"}
2025-12-08 12:28:05,927 INFO Device_connectors.mqtt_client [mqtt_client.py:110]: Publishing to labs/lab1/sensors/lab1_temp_1/state payload={"t": 25.66558110725044, "h": 48.98461166784062, "ts": 1765196885, "sensor_id": "lab1_temp_1"}
2025-12-08 12:28:05,934 INFO Device_connectors.mqtt_client [mqtt_client.py:110]: Publishing to labs/lab1/sensors/lab1_temp_2/state payload={"t": 25.557891949343365, "h": 49.12742562760182, "ts": 1765196885, "sensor_id": "lab1_temp_2"}
2025-12-08 12:28:05,936 INFO Device_connectors.mqtt_client [mqtt_client.py:110]: Publishing to labs/lab1/sensors/lab1_hum_1/state payload={"t": 25.496537820098066, "h": 49.208163984500096, "ts": 1765196885, "sensor_id": "lab1_hum_1"}
2025-12-08 12:28:05,939 INFO Device_connectors.mqtt_client [mqtt_client.py:110]: Publishing to labs/lab1/sensors/lab1_hum_2/state payload={"t": 25.485174043652748, "h": 49.48397146960557, "ts": 1765196885, "sensor_id": "lab1_hum_2"}
2025-12-08 12:28:05,941 INFO Device_connectors.mqtt_client [mqtt_client.py:110]: Publishing to labs/lab2/sensors/lab2_temp_1/state payload={"t": 26.64669061368361, "h": 50.43332764974833, "ts": 1765196885, "sensor_id": "lab2_temp_1"}
2025-12-08 12:28:05,942 INFO Device_connectors.mqtt_client [mqtt_client.py:110]: Publishing to labs/lab2/sensors/lab2_temp_2/state payload={"t": 26.755527292381043, "h": 50.38623005673757, "ts": 1765196885, "sensor_id": "lab2_temp_2"}
2025-12-08 12:28:05,943 INFO Device_connectors.mqtt_client [mqtt_client.py:110]: Publishing to labs/lab2/sensors/lab2_hum_1/state payload={"t": 26.74263542762882, "h": 49.99713898915076, "ts": 1765196885, "sensor_id": "lab2_hum_1"}
2025-12-08 12:28:05,944 INFO Device_connectors.mqtt_client [mqtt_client.py:110]: Publishing to labs/lab2/sensors/lab2_hum_2/state payload={"t": 26.65279787186445, "h": 50.605661157376275, "ts": 1765196885, "sensor_id": "lab2_hum_2"}
2025-12-08 12:28:05,945 INFO Device_connectors.mqtt_client [mqtt_client.py:110]: Publishing to labs/lab3/sensors/lab3_temp_1/state payload={"t": 25.17883204934461, "h": 60.6303646230041, "ts": 1765196885, "sensor_id": "lab3_temp_1"}
2025-12-08 12:28:05,947 INFO Device_connectors.mqtt_client [mqtt_client.py:110]: Publishing to labs/lab3/sensors/lab3_temp_2/state payload={"t": 25.446707752018234, "h": 60.591344305979405, "ts": 1765196885, "sensor_id": "lab3_temp_2"}
2025-12-08 12:28:05,948 INFO Device_connectors.mqtt_client [mqtt_client.py:110]: Publishing to labs/lab3/sensors/lab3_hum_1/state payload={"t": 25.117844465959788, "h": 60.76229000538287, "ts": 1765196885, "sensor_id": "lab3_hum_1"}
2025-12-08 12:28:05,949 INFO Device_connectors.mqtt_client [mqtt_client.py:110]: Publishing to labs/lab3/sensors/lab3_hum_2/state payload={"t": 25.340729291192982, "h": 60.334238103970016, "ts": 1765196885, "sensor_id": "lab3_hum_2"}
2025-12-08 12:28:06,105 INFO Device_connectors.mqtt_client [mqtt_client.py:99]: Connecting to MQTT broker at mqtt:1883
2025-12-08 12:28:07,909 INFO Device_connectors.mqtt_client [mqtt_client.py:110]: Publishing to labs/lab1/actuators/lab1_heater_1/state payload={"state": "OFF", "ts": 1764859432, "actuator_id": "lab1_heater_1"}
2025-12-08 12:28:07,911 INFO Device_connectors.mqtt_client [mqtt_client.py:110]: Publishing to labs/lab1/actuators/lab1_fan_1/state payload={"state": "OFF", "ts": 1764859527, "actuator_id": "lab1_fan_1"}
2025-12-08 12:28:07,912 INFO Device_connectors.mqtt_client [mqtt_client.py:110]: Publishing to labs/lab1/actuators/lab1_humidifier_1/state payload={"state": "OFF", "ts": 1763808912, "actuator_id": "lab1_humidifier_1"}
2025-12-08 12:28:07,914 INFO Device_connectors.mqtt_client [mqtt_client.py:110]: Publishing to labs/lab1/actuators/lab1_dehumidifier_1/state payload={"state": "OFF", "ts": 1764859400, "actuator_id": "lab1_dehumidifier_1"}
2025-12-08 12:28:07,915 INFO Device_connectors.mqtt_client [mqtt_client.py:110]: Publishing to labs/lab2/actuators/lab2_heater_1/state payload={"state": "OFF", "ts": 1764859059, "actuator_id": "lab2_heater_1"}
2025-12-08 12:28:07,916 INFO Device_connectors.mqtt_client [mqtt_client.py:110]: Publishing to labs/lab2/actuators/lab2_fan_1/state payload={"state": "OFF", "ts": 1764859537, "actuator_id": "lab2_fan_1"}
2025-12-08 12:28:07,918 INFO Device_connectors.mqtt_client [mqtt_client.py:110]: Publishing to labs/lab2/actuators/lab2_humidifier_1/state payload={"state": "OFF", "ts": 1763808912, "actuator_id": "lab2_humidifier_1"}
2025-12-08 12:28:07,919 INFO Device_connectors.mqtt_client [mqtt_client.py:110]: Publishing to labs/lab2/actuators/lab2_dehumidifier_1/state payload={"state": "OFF", "ts": 1764859000, "actuator_id": "lab2_dehumidifier_1"}
2025-12-08 12:28:07,921 INFO Device_connectors.mqtt_client [mqtt_client.py:110]: Publishing to labs/lab3/actuators/lab3_heater_1/state payload={"state": "OFF", "ts": 1764789512, "actuator_id": "lab3_heater_1"}
2025-12-08 12:28:07,923 INFO Device_connectors.mqtt_client [mqtt_client.py:110]: Publishing to labs/lab3/actuators/lab3_fan_1/state payload={"state": "OFF", "ts": 1764859551, "actuator_id": "lab3_fan_1"}
2025-12-08 12:28:07,924 INFO Device_connectors.mqtt_client [mqtt_client.py:110]: Publishing to labs/lab3/actuators/lab3_humidifier_1/state payload={"state": "OFF", "ts": 1763806984, "actuator_id": "lab3_humidifier_1"}
2025-12-08 12:28:07,927 INFO Device_connectors.mqtt_client [mqtt_client.py:110]: Publishing to labs/lab3/actuators/lab3_dehumidifier_1/state payload={"state": "OFF", "ts": 1764859059, "actuator_id": "lab3_dehumidifier_1"}
2025-12-08 12:28:15,910 INFO Device_connectors.mqtt_client [mqtt_client.py:110]: Publishing to labs/lab1/sensors/lab1_temp_1/state payload={"t": 25.183926804772298, "h": 49.20000853262163, "ts": 1765196895, "sensor_id": "lab1_temp_1"}
2025-12-08 12:28:15,921 INFO Device_connectors.mqtt_client [mqtt_client.py:110]: Publishing to labs/lab1/sensors/lab1_temp_2/state payload={"t": 25.226830351739697, "h": 49.425908906780315, "ts": 1765196895, "sensor_id": "lab1_temp_2"}
2025-12-08 12:28:15,929 INFO Device_connectors.mqtt_client [mqtt_client.py:110]: Publishing to labs/lab1/sensors/lab1_hum_1/state payload={"t": 25.490843269096658, "h": 49.25315424539636, "ts": 1765196895, "sensor_id": "lab1_hum_1"}
2025-12-08 12:28:15,933 INFO Device_connectors.mqtt_client [mqtt_client.py:110]: Publishing to labs/lab1/sensors/lab1_hum_2/state payload={"t": 25.354913416159796, "h": 49.38226368110313, "ts": 1765196895, "sensor_id": "lab1_hum_2"}
2025-12-08 12:28:15,939 INFO Device_connectors.mqtt_client [mqtt_client.py:110]: Publishing to labs/lab2/sensors/lab2_temp_1/state payload={"t": 26.40826863876308, "h": 50.456180075914716, "ts": 1765196895, "sensor_id": "lab2_temp_1"}
2025-12-08 12:28:15,946 INFO Device_connectors.mqtt_client [mqtt_client.py:110]: Publishing to labs/lab2/sensors/lab2_temp_2/state payload={"t": 26.646597407321465, "h": 50.2156380956195, "ts": 1765196895, "sensor_id": "lab2_temp_2"}
2025-12-08 12:28:15,951 INFO Device_connectors.mqtt_client [mqtt_client.py:110]: Publishing to labs/lab2/sensors/lab2_hum_1/state payload={"t": 26.508355205185197, "h": 50.61339930981193, "ts": 1765196895, "sensor_id": "lab2_hum_1"}
2025-12-08 12:28:15,956 INFO Device_connectors.mqtt_client [mqtt_client.py:110]: Publishing to labs/lab2/sensors/lab2_hum_2/state payload={"t": 26.76956655498078, "h": 49.78026943761684, "ts": 1765196895, "sensor_id": "lab2_hum_2"}
2025-12-08 12:28:16,054 INFO Device_connectors.mqtt_client [mqtt_client.py:110]: Publishing to labs/lab3/sensors/lab3_temp_1/state payload={"t": 24.928091102227988, "h": 60.24910289761487, "ts": 1765196895, "sensor_id": "lab3_temp_1"}
2025-12-08 12:28:16,063 INFO Device_connectors.mqtt_client [mqtt_client.py:110]: Publishing to labs/lab3/sensors/lab3_temp_2/state payload={"t": 24.98286413009241, "h": 60.05687032360434, "ts": 1765196895, "sensor_id": "lab3_temp_2"}
2025-12-08 12:28:16,068 INFO Device_connectors.mqtt_client [mqtt_client.py:110]: Publishing to labs/lab3/sensors/lab3_hum_1/state payload={"t": 25.01719970400394, "h": 59.59512156649221, "ts": 1765196895, "sensor_id": "lab3_hum_1"}
2025-12-08 12:28:16,073 INFO Device_connectors.mqtt_client [mqtt_client.py:110]: Publishing to labs/lab3/sensors/lab3_hum_2/state payload={"t": 25.311753011845326, "h": 59.83284511280424, "ts": 1765196895, "sensor_id": "lab3_hum_2"}
2025-12-08 12:28:26,237 INFO Device_connectors.mqtt_client [mqtt_client.py:110]: Publishing to labs/lab1/sensors/lab1_temp_1/state payload={"t": 25.5862209119293, "h": 54.728189706059744, "ts": 1765196906, "sensor_id": "lab1_temp_1"}
2025-12-08 12:28:26,239 INFO Device_connectors.mqtt_client [mqtt_client.py:110]: Publishing to labs/lab1/sensors/lab1_temp_2/state payload={"t": 25.38343608447771, "h": 54.56131017335071, "ts": 1765196906, "sensor_id": "lab1_temp_2"}
2025-12-08 12:28:26,241 INFO Device_connectors.mqtt_client [mqtt_client.py:110]: Publishing to labs/lab1/sensors/lab1_hum_1/state payload={"t": 25.277709399403424, "h": 54.592939565272005, "ts": 1765196906, "sensor_id": "lab1_hum_1"}
2025-12-08 12:28:26,243 INFO Device_connectors.mqtt_client [mqtt_client.py:110]: Publishing to labs/lab1/sensors/lab1_hum_2/state payload={"t": 25.244211534199774, "h": 54.915370411358374, "ts": 1765196906, "sensor_id": "lab1_hum_2"}
2025-12-08 12:28:26,244 INFO Device_connectors.mqtt_client [mqtt_client.py:110]: Publishing to labs/lab2/sensors/lab2_temp_1/state payload={"t": 26.398749365330183, "h": 50.159411094464254, "ts": 1765196906, "sensor_id": "lab2_temp_1"}
2025-12-08 12:28:26,245 INFO Device_connectors.mqtt_client [mqtt_client.py:110]: Publishing to labs/lab2/sensors/lab2_temp_2/state payload={"t": 26.486904735862637, "h": 50.127844194985734, "ts": 1765196906, "sensor_id": "lab2_temp_2"}
2025-12-08 12:28:26,246 INFO Device_connectors.mqtt_client [mqtt_client.py:110]: Publishing to labs/lab2/sensors/lab2_hum_1/state payload={"t": 26.53675945636824, "h": 49.92079666311774, "ts": 1765196906, "sensor_id": "lab2_hum_1"}
2025-12-08 12:28:26,248 INFO Device_connectors.mqtt_client [mqtt_client.py:110]: Publishing to labs/lab2/sensors/lab2_hum_2/state payload={"t": 26.62324706605227, "h": 50.01124893486811, "ts": 1765196906, "sensor_id": "lab2_hum_2"}
2025-12-08 12:28:26,249 INFO Device_connectors.mqtt_client [mqtt_client.py:110]: Publishing to labs/lab3/sensors/lab3_temp_1/state payload={"t": 25.25056567143417, "h": 59.861203102678886, "ts": 1765196906, "sensor_id": "lab3_temp_1"}
2025-12-08 12:28:26,251 INFO Device_connectors.mqtt_client [mqtt_client.py:110]: Publishing to labs/lab3/sensors/lab3_temp_2/state payload={"t": 25.164713041564404, "h": 59.843280651697114, "ts": 1765196906, "sensor_id": "lab3_temp_2"}
2025-12-08 12:28:26,253 INFO Device_connectors.mqtt_client [mqtt_client.py:110]: Publishing to labs/lab3/sensors/lab3_hum_1/state payload={"t": 25.02825124364476, "h": 59.543149281207725, "ts": 1765196906, "sensor_id": "lab3_hum_1"}
2025-12-08 12:28:26,255 INFO Device_connectors.mqtt_client [mqtt_client.py:110]: Publishing to labs/lab3/sensors/lab3_hum_2/state payload={"t": 25.23420626511523, "h": 59.27825259347774, "ts": 1765196906, "sensor_id": "lab3_hum_2"}
