2025-12-08 12:18:53,750 INFO controller.state_memory [state_memory.py:50]: Actuator feedback lab=lab2 actuator=lab2_fan_1 state=OFF ts=1764859537
2025-12-08 12:18:53,766 INFO controller.state_memory [state_memory.py:50]: Actuator feedback lab=lab2 actuator=lab2_humidifier_1 state=OFF ts=1763808912
2025-12-08 12:18:53,768 INFO controller.state_memory [state_memory.py:50]: Actuator feedback lab=lab2 actuator=lab2_dehumidifier_1 state=OFF ts=1764859000
2025-12-08 12:18:53,769 INFO controller.state_memory [state_memory.py:50]: Actuator feedback lab=lab3 actuator=lab3_heater_1 state=OFF ts=1764789512
2025-12-08 12:18:53,770 INFO controller.state_memory [state_memory.py:50]: Actuator feedback lab=lab3 actuator=lab3_fan_1 state=OFF ts=1764859551
2025-12-08 12:18:53,773 INFO controller.state_memory [state_memory.py:50]: Actuator feedback lab=lab3 actuator=lab3_humidifier_1 state=OFF ts=1763806984
2025-12-08 12:18:53,774 INFO controller.state_memory [state_memory.py:50]: Actuator feedback lab=lab3 actuator=lab3_dehumidifier_1 state=OFF ts=1764859059
2025-12-08 12:19:01,962 INFO controller.state_memory [state_memory.py:43]: Sensor update lab=lab1 sensor=lab1_temp_1 t=25.67 h=54.83 ts=1765196341
2025-12-08 12:19:01,968 INFO controller.state_memory [state_memory.py:43]: Sensor update lab=lab1 sensor=lab1_temp_2 t=25.59 h=54.92 ts=1765196341
2025-12-08 12:19:01,970 INFO controller.state_memory [state_memory.py:43]: Sensor update lab=lab1 sensor=lab1_hum_1 t=25.72 h=54.76 ts=1765196341
2025-12-08 12:19:01,972 INFO controller.state_memory [state_memory.py:43]: Sensor update lab=lab1 sensor=lab1_hum_2 t=25.72 h=55.08 ts=1765196341
2025-12-08 12:19:01,975 INFO controller.state_memory [state_memory.py:43]: Sensor update lab=lab2 sensor=lab2_temp_1 t=24.81 h=47.09 ts=1765196341
2025-12-08 12:19:01,978 INFO controller.state_memory [state_memory.py:43]: Sensor update lab=lab2 sensor=lab2_temp_2 t=25.26 h=47.47 ts=1765196341
2025-12-08 12:19:01,984 INFO controller.state_memory [state_memory.py:43]: Sensor update lab=lab2 sensor=lab2_hum_1 t=24.93 h=47.05 ts=1765196341
2025-12-08 12:19:01,987 INFO controller.state_memory [state_memory.py:43]: Sensor update lab=lab2 sensor=lab2_hum_2 t=25.09 h=47.07 ts=1765196341
2025-12-08 12:19:01,989 INFO controller.state_memory [state_memory.py:43]: Sensor update lab=lab3 sensor=lab3_temp_1 t=25.54 h=52.93 ts=1765196341
2025-12-08 12:19:01,992 INFO controller.state_memory [state_memory.py:43]: Sensor update lab=lab3 sensor=lab3_temp_2 t=25.73 h=52.92 ts=1765196341
2025-12-08 12:19:01,997 INFO controller.state_memory [state_memory.py:43]: Sensor update lab=lab3 sensor=lab3_hum_1 t=25.68 h=52.94 ts=1765196341
2025-12-08 12:19:02,002 INFO controller.state_memory [state_memory.py:43]: Sensor update lab=lab3 sensor=lab3_hum_2 t=25.79 h=53.17 ts=1765196341
2025-12-08 12:19:06,713 INFO controller.state_memory [state_memory.py:50]: Actuator feedback lab=lab1 actuator=lab1_fan_1 state=ON ts=1765196346
2025-12-08 12:19:12,788 INFO controller.state_memory [state_memory.py:43]: Sensor update lab=lab1 sensor=lab1_temp_1 t=25.27 h=54.89 ts=1765196352
2025-12-08 12:19:12,807 INFO controller.state_memory [state_memory.py:43]: Sensor update lab=lab1 sensor=lab1_temp_2 t=25.44 h=54.62 ts=1765196352
2025-12-08 12:19:12,815 INFO controller.state_memory [state_memory.py:43]: Sensor update lab=lab1 sensor=lab1_hum_1 t=25.25 h=54.69 ts=1765196352
2025-12-08 12:19:12,821 INFO controller.state_memory [state_memory.py:43]: Sensor update lab=lab1 sensor=lab1_hum_2 t=25.60 h=54.66 ts=1765196352
2025-12-08 12:19:12,825 INFO controller.state_memory [state_memory.py:43]: Sensor update lab=lab2 sensor=lab2_temp_1 t=25.24 h=47.20 ts=1765196352
2025-12-08 12:19:12,828 INFO controller.state_memory [state_memory.py:43]: Sensor update lab=lab2 sensor=lab2_temp_2 t=25.36 h=47.29 ts=1765196352
2025-12-08 12:19:12,835 INFO controller.state_memory [state_memory.py:43]: Sensor update lab=lab2 sensor=lab2_hum_1 t=25.24 h=46.97 ts=1765196352
2025-12-08 12:19:12,840 INFO controller.state_memory [state_memory.py:43]: Sensor update lab=lab2 sensor=lab2_hum_2 t=25.17 h=46.73 ts=1765196352
2025-12-08 12:19:12,845 INFO controller.state_memory [state_memory.py:43]: Sensor update lab=lab3 sensor=lab3_temp_1 t=25.83 h=53.04 ts=1765196352
2025-12-08 12:19:12,851 INFO controller.state_memory [state_memory.py:43]: Sensor update lab=lab3 sensor=lab3_temp_2 t=25.47 h=53.13 ts=1765196352
2025-12-08 12:19:12,855 INFO controller.state_memory [state_memory.py:43]: Sensor update lab=lab3 sensor=lab3_hum_1 t=25.72 h=53.40 ts=1765196352
2025-12-08 12:19:12,858 INFO controller.state_memory [state_memory.py:43]: Sensor update lab=lab3 sensor=lab3_hum_2 t=25.39 h=53.11 ts=1765196352
2025-12-08 12:19:16,739 INFO controller.state_memory [state_memory.py:50]: Actuator feedback lab=lab2 actuator=lab2_fan_1 state=ON ts=1765196356
2025-12-08 12:19:16,783 INFO controller.state_memory [state_memory.py:50]: Actuator feedback lab=lab3 actuator=lab3_fan_1 state=ON ts=1765196356
2025-12-08 12:19:22,888 INFO controller.state_memory [state_memory.py:43]: Sensor update lab=lab1 sensor=lab1_temp_1 t=24.89 h=54.70 ts=1765196362
2025-12-08 12:19:22,892 INFO controller.state_memory [state_memory.py:43]: Sensor update lab=lab1 sensor=lab1_temp_2 t=25.07 h=54.52 ts=1765196362
2025-12-08 12:19:22,893 INFO controller.state_memory [state_memory.py:43]: Sensor update lab=lab1 sensor=lab1_hum_1 t=24.96 h=54.53 ts=1765196362
2025-12-08 12:19:22,896 INFO controller.state_memory [state_memory.py:43]: Sensor update lab=lab1 sensor=lab1_hum_2 t=25.02 h=53.97 ts=1765196362
2025-12-08 12:19:22,897 INFO controller.state_memory [state_memory.py:43]: Sensor update lab=lab2 sensor=lab2_temp_1 t=24.70 h=49.37 ts=1765196362
2025-12-08 12:19:22,899 INFO controller.state_memory [state_memory.py:43]: Sensor update lab=lab2 sensor=lab2_temp_2 t=25.22 h=49.12 ts=1765196362
2025-12-08 12:19:22,900 INFO controller.state_memory [state_memory.py:43]: Sensor update lab=lab2 sensor=lab2_hum_1 t=24.83 h=48.88 ts=1765196362
2025-12-08 12:19:22,902 INFO controller.state_memory [state_memory.py:43]: Sensor update lab=lab2 sensor=lab2_hum_2 t=24.80 h=48.87 ts=1765196362
2025-12-08 12:19:22,903 INFO controller.state_memory [state_memory.py:43]: Sensor update lab=lab3 sensor=lab3_temp_1 t=25.06 h=52.37 ts=1765196362
2025-12-08 12:19:22,905 INFO controller.state_memory [state_memory.py:43]: Sensor update lab=lab3 sensor=lab3_temp_2 t=25.49 h=52.56 ts=1765196362
2025-12-08 12:19:22,906 INFO controller.state_memory [state_memory.py:43]: Sensor update lab=lab3 sensor=lab3_hum_1 t=25.51 h=52.45 ts=1765196362
2025-12-08 12:19:22,908 INFO controller.state_memory [state_memory.py:43]: Sensor update lab=lab3 sensor=lab3_hum_2 t=25.49 h=51.91 ts=1765196362
2025-12-08 12:19:33,618 INFO controller.state_memory [state_memory.py:43]: Sensor update lab=lab1 sensor=lab1_temp_1 t=24.76 h=54.51 ts=1765196373
2025-12-08 12:19:33,620 INFO controller.state_memory [state_memory.py:43]: Sensor update lab=lab1 sensor=lab1_temp_2 t=24.39 h=54.12 ts=1765196373
2025-12-08 12:19:33,621 INFO controller.state_memory [state_memory.py:43]: Sensor update lab=lab1 sensor=lab1_hum_1 t=24.50 h=54.59 ts=1765196373
2025-12-08 12:19:33,665 INFO controller.state_memory [state_memory.py:43]: Sensor update lab=lab1 sensor=lab1_hum_2 t=24.66 h=54.42 ts=1765196373
2025-12-08 12:19:33,667 INFO controller.state_memory [state_memory.py:43]: Sensor update lab=lab2 sensor=lab2_temp_1 t=24.89 h=48.21 ts=1765196373
2025-12-08 12:19:33,669 INFO controller.state_memory [state_memory.py:43]: Sensor update lab=lab2 sensor=lab2_temp_2 t=24.70 h=48.48 ts=1765196373
2025-12-08 12:19:33,670 INFO controller.state_memory [state_memory.py:43]: Sensor update lab=lab2 sensor=lab2_hum_1 t=24.98 h=47.94 ts=1765196373
2025-12-08 12:19:33,671 INFO controller.state_memory [state_memory.py:43]: Sensor update lab=lab2 sensor=lab2_hum_2 t=24.96 h=48.28 ts=1765196373
2025-12-08 12:19:33,679 INFO controller.state_memory [state_memory.py:43]: Sensor update lab=lab3 sensor=lab3_temp_1 t=24.86 h=51.76 ts=1765196373
2025-12-08 12:19:33,682 INFO controller.state_memory [state_memory.py:43]: Sensor update lab=lab3 sensor=lab3_temp_2 t=24.83 h=51.78 ts=1765196373
2025-12-08 12:19:33,683 INFO controller.state_memory [state_memory.py:43]: Sensor update lab=lab3 sensor=lab3_hum_1 t=24.91 h=51.59 ts=1765196373
2025-12-08 12:19:33,685 INFO controller.state_memory [state_memory.py:43]: Sensor update lab=lab3 sensor=lab3_hum_2 t=24.90 h=52.21 ts=1765196373
2025-12-08 12:19:43,280 INFO controller.state_memory [state_memory.py:43]: Sensor update lab=lab1 sensor=lab1_temp_1 t=24.44 h=56.82 ts=1765196383
2025-12-08 12:19:43,295 INFO controller.state_memory [state_memory.py:43]: Sensor update lab=lab1 sensor=lab1_temp_2 t=23.98 h=56.99 ts=1765196383
2025-12-08 12:19:43,299 INFO controller.state_memory [state_memory.py:43]: Sensor update lab=lab1 sensor=lab1_hum_1 t=24.32 h=57.05 ts=1765196383
2025-12-08 12:19:43,303 INFO controller.state_memory [state_memory.py:43]: Sensor update lab=lab1 sensor=lab1_hum_2 t=24.12 h=56.83 ts=1765196383
2025-12-08 12:19:43,307 INFO controller.state_memory [state_memory.py:43]: Sensor update lab=lab2 sensor=lab2_temp_1 t=24.34 h=48.00 ts=1765196383
2025-12-08 12:19:43,311 INFO controller.state_memory [state_memory.py:43]: Sensor update lab=lab2 sensor=lab2_temp_2 t=24.34 h=47.94 ts=1765196383
2025-12-08 12:19:43,316 INFO controller.state_memory [state_memory.py:43]: Sensor update lab=lab2 sensor=lab2_hum_1 t=24.57 h=47.65 ts=1765196383
2025-12-08 12:19:43,321 INFO controller.state_memory [state_memory.py:43]: Sensor update lab=lab2 sensor=lab2_hum_2 t=24.46 h=48.08 ts=1765196383
2025-12-08 12:19:43,323 INFO controller.state_memory [state_memory.py:43]: Sensor update lab=lab3 sensor=lab3_temp_1 t=24.48 h=51.24 ts=1765196383
2025-12-08 12:19:43,326 INFO controller.state_memory [state_memory.py:43]: Sensor update lab=lab3 sensor=lab3_temp_2 t=24.47 h=51.15 ts=1765196383
2025-12-08 12:19:43,329 INFO controller.state_memory [state_memory.py:43]: Sensor update lab=lab3 sensor=lab3_hum_1 t=24.76 h=50.72 ts=1765196383
2025-12-08 12:19:43,331 INFO controller.state_memory [state_memory.py:43]: Sensor update lab=lab3 sensor=lab3_hum_2 t=24.66 h=50.59 ts=1765196383
2025-12-08 12:19:53,275 INFO controller.state_memory [state_memory.py:43]: Sensor update lab=lab1 sensor=lab1_temp_1 t=24.09 h=56.68 ts=1765196393
2025-12-08 12:19:53,277 INFO controller.state_memory [state_memory.py:43]: Sensor update lab=lab1 sensor=lab1_temp_2 t=23.98 h=56.72 ts=1765196393
2025-12-08 12:19:53,280 INFO controller.state_memory [state_memory.py:43]: Sensor update lab=lab1 sensor=lab1_hum_1 t=23.78 h=57.00 ts=1765196393
2025-12-08 12:19:53,281 INFO controller.state_memory [state_memory.py:43]: Sensor update lab=lab1 sensor=lab1_hum_2 t=23.82 h=57.11 ts=1765196393
2025-12-08 12:19:53,282 INFO controller.state_memory [state_memory.py:43]: Sensor update lab=lab2 sensor=lab2_temp_1 t=24.20 h=47.79 ts=1765196393
2025-12-08 12:19:53,283 INFO controller.state_memory [state_memory.py:43]: Sensor update lab=lab2 sensor=lab2_temp_2 t=23.84 h=47.66 ts=1765196393
2025-12-08 12:19:53,285 INFO controller.state_memory [state_memory.py:43]: Sensor update lab=lab2 sensor=lab2_hum_1 t=23.89 h=47.47 ts=1765196393
2025-12-08 12:19:53,285 INFO controller.state_memory [state_memory.py:43]: Sensor update lab=lab2 sensor=lab2_hum_2 t=24.13 h=47.58 ts=1765196393
2025-12-08 12:19:53,287 INFO controller.state_memory [state_memory.py:43]: Sensor update lab=lab3 sensor=lab3_temp_1 t=24.43 h=50.26 ts=1765196393
2025-12-08 12:19:53,288 INFO controller.state_memory [state_memory.py:43]: Sensor update lab=lab3 sensor=lab3_temp_2 t=24.02 h=50.49 ts=1765196393
2025-12-08 12:19:53,289 INFO controller.state_memory [state_memory.py:43]: Sensor update lab=lab3 sensor=lab3_hum_1 t=24.26 h=49.86 ts=1765196393
2025-12-08 12:19:53,290 INFO controller.state_memory [state_memory.py:43]: Sensor update lab=lab3 sensor=lab3_hum_2 t=24.13 h=50.51 ts=1765196393
2025-12-08 12:20:03,794 INFO controller.state_memory [state_memory.py:43]: Sensor update lab=lab1 sensor=lab1_temp_1 t=24.12 h=55.78 ts=1765196403
2025-12-08 12:20:03,797 INFO controller.state_memory [state_memory.py:43]: Sensor update lab=lab1 sensor=lab1_temp_2 t=23.77 h=56.07 ts=1765196403
2025-12-08 12:20:03,798 INFO controller.state_memory [state_memory.py:43]: Sensor update lab=lab1 sensor=lab1_hum_1 t=23.78 h=55.46 ts=1765196403
2025-12-08 12:20:03,799 INFO controller.state_memory [state_memory.py:43]: Sensor update lab=lab1 sensor=lab1_hum_2 t=23.84 h=56.43 ts=1765196403
2025-12-08 12:20:03,801 INFO controller.state_memory [state_memory.py:43]: Sensor update lab=lab2 sensor=lab2_temp_1 t=23.79 h=47.59 ts=1765196403
2025-12-08 12:20:03,802 INFO controller.state_memory [state_memory.py:43]: Sensor update lab=lab2 sensor=lab2_temp_2 t=23.78 h=47.57 ts=1765196403
2025-12-08 12:20:03,803 INFO controller.state_memory [state_memory.py:43]: Sensor update lab=lab2 sensor=lab2_hum_1 t=23.91 h=46.98 ts=1765196403
2025-12-08 12:20:03,805 INFO controller.state_memory [state_memory.py:43]: Sensor update lab=lab2 sensor=lab2_hum_2 t=24.00 h=47.01 ts=1765196403
2025-12-08 12:20:03,806 INFO controller.state_memory [state_memory.py:43]: Sensor update lab=lab3 sensor=lab3_temp_1 t=23.58 h=49.58 ts=1765196403
2025-12-08 12:20:03,807 INFO controller.state_memory [state_memory.py:43]: Sensor update lab=lab3 sensor=lab3_temp_2 t=23.59 h=49.66 ts=1765196403
2025-12-08 12:20:03,808 INFO controller.state_memory [state_memory.py:43]: Sensor update lab=lab3 sensor=lab3_hum_1 t=23.92 h=50.22 ts=1765196403
2025-12-08 12:20:03,809 INFO controller.state_memory [state_memory.py:43]: Sensor update lab=lab3 sensor=lab3_hum_2 t=23.74 h=49.77 ts=1765196403
2025-12-08 12:20:14,730 INFO controller.state_memory [state_memory.py:43]: Sensor update lab=lab1 sensor=lab1_temp_1 t=23.68 h=55.24 ts=1765196414
2025-12-08 12:20:14,739 INFO controller.state_memory [state_memory.py:43]: Sensor update lab=lab1 sensor=lab1_temp_2 t=23.32 h=55.30 ts=1765196414
2025-12-08 12:20:14,746 INFO controller.state_memory [state_memory.py:43]: Sensor update lab=lab1 sensor=lab1_hum_1 t=23.63 h=55.03 ts=1765196414
2025-12-08 12:20:14,753 INFO controller.state_memory [state_memory.py:43]: Sensor update lab=lab1 sensor=lab1_hum_2 t=23.43 h=54.88 ts=1765196414
2025-12-08 12:20:14,756 INFO controller.state_memory [state_memory.py:43]: Sensor update lab=lab2 sensor=lab2_temp_1 t=23.43 h=47.38 ts=1765196414
2025-12-08 12:20:14,758 INFO controller.state_memory [state_memory.py:43]: Sensor update lab=lab2 sensor=lab2_temp_2 t=23.27 h=47.53 ts=1765196414
2025-12-08 12:20:14,762 INFO controller.state_memory [state_memory.py:43]: Sensor update lab=lab2 sensor=lab2_hum_1 t=23.42 h=47.43 ts=1765196414
2025-12-08 12:20:14,768 INFO controller.state_memory [state_memory.py:43]: Sensor update lab=lab2 sensor=lab2_hum_2 t=23.40 h=46.86 ts=1765196414
2025-12-08 12:20:14,770 INFO controller.state_memory [state_memory.py:43]: Sensor update lab=lab3 sensor=lab3_temp_1 t=23.55 h=48.87 ts=1765196414
2025-12-08 12:20:14,774 INFO controller.state_memory [state_memory.py:43]: Sensor update lab=lab3 sensor=lab3_temp_2 t=23.68 h=48.77 ts=1765196414
2025-12-08 12:20:14,779 INFO controller.state_memory [state_memory.py:43]: Sensor update lab=lab3 sensor=lab3_hum_1 t=23.66 h=48.65 ts=1765196414
2025-12-08 12:20:14,787 INFO controller.state_memory [state_memory.py:43]: Sensor update lab=lab3 sensor=lab3_hum_2 t=23.65 h=48.51 ts=1765196414
2025-12-08 12:20:23,991 INFO controller.state_memory [state_memory.py:43]: Sensor update lab=lab1 sensor=lab1_temp_1 t=23.33 h=54.66 ts=1765196423
2025-12-08 12:20:23,995 INFO controller.state_memory [state_memory.py:43]: Sensor update lab=lab1 sensor=lab1_temp_2 t=23.57 h=54.71 ts=1765196423
2025-12-08 12:20:23,997 INFO controller.state_memory [state_memory.py:43]: Sensor update lab=lab1 sensor=lab1_hum_1 t=23.18 h=54.18 ts=1765196423
2025-12-08 12:20:23,998 INFO controller.state_memory [state_memory.py:43]: Sensor update lab=lab1 sensor=lab1_hum_2 t=23.52 h=54.03 ts=1765196423
2025-12-08 12:20:24,001 INFO controller.state_memory [state_memory.py:43]: Sensor update lab=lab2 sensor=lab2_temp_1 t=23.21 h=47.29 ts=1765196423
2025-12-08 12:20:24,004 INFO controller.state_memory [state_memory.py:43]: Sensor update lab=lab2 sensor=lab2_temp_2 t=23.15 h=47.29 ts=1765196423
2025-12-08 12:20:24,008 INFO controller.state_memory [state_memory.py:43]: Sensor update lab=lab2 sensor=lab2_hum_1 t=22.83 h=47.02 ts=1765196423
2025-12-08 12:20:24,013 INFO controller.state_memory [state_memory.py:43]: Sensor update lab=lab2 sensor=lab2_hum_2 t=22.90 h=46.97 ts=1765196423
2025-12-08 12:20:24,016 INFO controller.state_memory [state_memory.py:43]: Sensor update lab=lab3 sensor=lab3_temp_1 t=23.63 h=48.68 ts=1765196423
2025-12-08 12:20:24,018 INFO controller.state_memory [state_memory.py:43]: Sensor update lab=lab3 sensor=lab3_temp_2 t=23.65 h=48.61 ts=1765196423
2025-12-08 12:20:24,021 INFO controller.state_memory [state_memory.py:43]: Sensor update lab=lab3 sensor=lab3_hum_1 t=23.29 h=48.26 ts=1765196423
2025-12-08 12:20:24,023 INFO controller.state_memory [state_memory.py:43]: Sensor update lab=lab3 sensor=lab3_hum_2 t=23.50 h=48.92 ts=1765196423
2025-12-08 12:20:34,940 INFO controller.state_memory [state_memory.py:43]: Sensor update lab=lab1 sensor=lab1_temp_1 t=22.87 h=53.87 ts=1765196434
2025-12-08 12:20:34,942 INFO controller.state_memory [state_memory.py:43]: Sensor update lab=lab1 sensor=lab1_temp_2 t=23.22 h=53.99 ts=1765196434
2025-12-08 12:20:34,943 INFO controller.state_memory [state_memory.py:43]: Sensor update lab=lab1 sensor=lab1_hum_1 t=22.94 h=53.29 ts=1765196434
2025-12-08 12:20:34,944 INFO controller.state_memory [state_memory.py:43]: Sensor update lab=lab1 sensor=lab1_hum_2 t=23.03 h=53.71 ts=1765196434
2025-12-08 12:20:34,946 INFO controller.state_memory [state_memory.py:43]: Sensor update lab=lab2 sensor=lab2_temp_1 t=22.48 h=47.07 ts=1765196434
2025-12-08 12:20:34,955 INFO controller.state_memory [state_memory.py:43]: Sensor update lab=lab2 sensor=lab2_temp_2 t=22.59 h=46.83 ts=1765196434
2025-12-08 12:20:34,957 INFO controller.state_memory [state_memory.py:43]: Sensor update lab=lab2 sensor=lab2_hum_1 t=22.72 h=46.86 ts=1765196434
2025-12-08 12:20:34,959 INFO controller.state_memory [state_memory.py:43]: Sensor update lab=lab2 sensor=lab2_hum_2 t=22.70 h=46.92 ts=1765196434
2025-12-08 12:20:34,961 INFO controller.state_memory [state_memory.py:43]: Sensor update lab=lab3 sensor=lab3_temp_1 t=23.35 h=47.55 ts=1765196434
2025-12-08 12:20:34,962 INFO controller.state_memory [state_memory.py:43]: Sensor update lab=lab3 sensor=lab3_temp_2 t=22.93 h=47.76 ts=1765196434
2025-12-08 12:20:34,964 INFO controller.state_memory [state_memory.py:43]: Sensor update lab=lab3 sensor=lab3_hum_1 t=23.37 h=47.28 ts=1765196434
2025-12-08 12:20:34,965 INFO controller.state_memory [state_memory.py:43]: Sensor update lab=lab3 sensor=lab3_hum_2 t=23.38 h=47.25 ts=1765196434
2025-12-08 12:20:44,092 INFO controller.state_memory [state_memory.py:43]: Sensor update lab=lab1 sensor=lab1_temp_1 t=22.98 h=53.61 ts=1765196444
2025-12-08 12:20:44,094 INFO controller.state_memory [state_memory.py:43]: Sensor update lab=lab1 sensor=lab1_temp_2 t=22.98 h=53.75 ts=1765196444
2025-12-08 12:20:44,096 INFO controller.state_memory [state_memory.py:43]: Sensor update lab=lab1 sensor=lab1_hum_1 t=22.80 h=53.67 ts=1765196444
2025-12-08 12:20:44,097 INFO controller.state_memory [state_memory.py:43]: Sensor update lab=lab1 sensor=lab1_hum_2 t=22.56 h=53.37 ts=1765196444
2025-12-08 12:20:44,100 INFO controller.state_memory [state_memory.py:43]: Sensor update lab=lab2 sensor=lab2_temp_1 t=22.30 h=45.96 ts=1765196444
2025-12-08 12:20:44,101 INFO controller.state_memory [state_memory.py:43]: Sensor update lab=lab2 sensor=lab2_temp_2 t=22.22 h=46.02 ts=1765196444
2025-12-08 12:20:44,103 INFO controller.state_memory [state_memory.py:43]: Sensor update lab=lab2 sensor=lab2_hum_1 t=22.09 h=46.06 ts=1765196444
2025-12-08 12:20:44,104 INFO controller.state_memory [state_memory.py:43]: Sensor update lab=lab2 sensor=lab2_hum_2 t=22.18 h=46.41 ts=1765196444
2025-12-08 12:20:44,105 INFO controller.state_memory [state_memory.py:43]: Sensor update lab=lab3 sensor=lab3_temp_1 t=22.88 h=46.69 ts=1765196444
2025-12-08 12:20:44,106 INFO controller.state_memory [state_memory.py:43]: Sensor update lab=lab3 sensor=lab3_temp_2 t=22.90 h=46.86 ts=1765196444
2025-12-08 12:20:44,107 INFO controller.state_memory [state_memory.py:43]: Sensor update lab=lab3 sensor=lab3_hum_1 t=23.01 h=46.72 ts=1765196444
2025-12-08 12:20:44,108 INFO controller.state_memory [state_memory.py:43]: Sensor update lab=lab3 sensor=lab3_hum_2 t=23.08 h=46.30 ts=1765196444
2025-12-08 12:20:47,039 INFO controller.state_memory [state_memory.py:50]: Actuator feedback lab=lab2 actuator=lab2_fan_1 state=OFF ts=1765196446
2025-12-08 12:20:53,575 INFO controller.state_memory [state_memory.py:43]: Sensor update lab=lab1 sensor=lab1_temp_1 t=22.38 h=53.50 ts=1765196453
2025-12-08 12:20:53,580 INFO controller.state_memory [state_memory.py:43]: Sensor update lab=lab1 sensor=lab1_temp_2 t=22.91 h=53.30 ts=1765196453
2025-12-08 12:20:53,583 INFO controller.state_memory [state_memory.py:43]: Sensor update lab=lab1 sensor=lab1_hum_1 t=22.56 h=52.92 ts=1765196453
2025-12-08 12:20:53,589 INFO controller.state_memory [state_memory.py:43]: Sensor update lab=lab1 sensor=lab1_hum_2 t=22.68 h=53.50 ts=1765196453
2025-12-08 12:20:53,592 INFO controller.state_memory [state_memory.py:43]: Sensor update lab=lab2 sensor=lab2_temp_1 t=21.88 h=45.64 ts=1765196453
2025-12-08 12:20:53,598 INFO controller.state_memory [state_memory.py:43]: Sensor update lab=lab2 sensor=lab2_temp_2 t=22.03 h=45.82 ts=1765196453
2025-12-08 12:20:53,601 INFO controller.state_memory [state_memory.py:43]: Sensor update lab=lab2 sensor=lab2_hum_1 t=21.99 h=46.28 ts=1765196453
2025-12-08 12:20:53,606 INFO controller.state_memory [state_memory.py:43]: Sensor update lab=lab2 sensor=lab2_hum_2 t=21.99 h=45.82 ts=1765196453
2025-12-08 12:20:53,614 INFO controller.state_memory [state_memory.py:43]: Sensor update lab=lab3 sensor=lab3_temp_1 t=22.47 h=45.95 ts=1765196453
2025-12-08 12:20:53,615 INFO controller.state_memory [state_memory.py:43]: Sensor update lab=lab3 sensor=lab3_temp_2 t=22.47 h=45.97 ts=1765196453
2025-12-08 12:20:53,617 INFO controller.state_memory [state_memory.py:43]: Sensor update lab=lab3 sensor=lab3_hum_1 t=22.83 h=45.48 ts=1765196453
2025-12-08 12:20:53,619 INFO controller.state_memory [state_memory.py:43]: Sensor update lab=lab3 sensor=lab3_hum_2 t=22.65 h=45.35 ts=1765196453
2025-12-08 12:20:57,029 INFO controller.state_memory [state_memory.py:50]: Actuator feedback lab=lab1 actuator=lab1_fan_1 state=OFF ts=1765196457
2025-12-08 12:21:04,469 INFO controller.state_memory [state_memory.py:43]: Sensor update lab=lab1 sensor=lab1_temp_1 t=22.82 h=53.46 ts=1765196464
2025-12-08 12:21:04,472 INFO controller.state_memory [state_memory.py:43]: Sensor update lab=lab1 sensor=lab1_temp_2 t=22.63 h=53.34 ts=1765196464
2025-12-08 12:21:04,474 INFO controller.state_memory [state_memory.py:43]: Sensor update lab=lab1 sensor=lab1_hum_1 t=22.70 h=53.02 ts=1765196464
2025-12-08 12:21:04,478 INFO controller.state_memory [state_memory.py:43]: Sensor update lab=lab1 sensor=lab1_hum_2 t=22.75 h=53.10 ts=1765196464
2025-12-08 12:21:04,480 INFO controller.state_memory [state_memory.py:43]: Sensor update lab=lab2 sensor=lab2_temp_1 t=22.01 h=46.24 ts=1765196464
2025-12-08 12:21:04,483 INFO controller.state_memory [state_memory.py:43]: Sensor update lab=lab2 sensor=lab2_temp_2 t=21.96 h=46.34 ts=1765196464
2025-12-08 12:21:04,484 INFO controller.state_memory [state_memory.py:43]: Sensor update lab=lab2 sensor=lab2_hum_1 t=21.87 h=45.88 ts=1765196464
2025-12-08 12:21:04,485 INFO controller.state_memory [state_memory.py:43]: Sensor update lab=lab2 sensor=lab2_hum_2 t=22.01 h=45.75 ts=1765196464
2025-12-08 12:21:04,486 INFO controller.state_memory [state_memory.py:43]: Sensor update lab=lab3 sensor=lab3_temp_1 t=22.37 h=45.62 ts=1765196464
2025-12-08 12:21:04,488 INFO controller.state_memory [state_memory.py:43]: Sensor update lab=lab3 sensor=lab3_temp_2 t=22.44 h=45.58 ts=1765196464
2025-12-08 12:21:04,489 INFO controller.state_memory [state_memory.py:43]: Sensor update lab=lab3 sensor=lab3_hum_1 t=22.51 h=44.91 ts=1765196464
2025-12-08 12:21:04,490 INFO controller.state_memory [state_memory.py:43]: Sensor update lab=lab3 sensor=lab3_hum_2 t=22.21 h=46.00 ts=1765196464
2025-12-08 12:21:14,763 INFO controller.state_memory [state_memory.py:43]: Sensor update lab=lab1 sensor=lab1_temp_1 t=22.39 h=53.25 ts=1765196474
2025-12-08 12:21:14,766 INFO controller.state_memory [state_memory.py:43]: Sensor update lab=lab1 sensor=lab1_temp_2 t=22.81 h=53.08 ts=1765196474
2025-12-08 12:21:14,770 INFO controller.state_memory [state_memory.py:43]: Sensor update lab=lab1 sensor=lab1_hum_1 t=22.64 h=53.07 ts=1765196474
2025-12-08 12:21:14,774 INFO controller.state_memory [state_memory.py:43]: Sensor update lab=lab1 sensor=lab1_hum_2 t=22.64 h=53.38 ts=1765196474
2025-12-08 12:21:14,776 INFO controller.state_memory [state_memory.py:43]: Sensor update lab=lab2 sensor=lab2_temp_1 t=21.98 h=46.25 ts=1765196474
2025-12-08 12:21:14,779 INFO controller.state_memory [state_memory.py:43]: Sensor update lab=lab2 sensor=lab2_temp_2 t=22.09 h=46.12 ts=1765196474
2025-12-08 12:21:14,781 INFO controller.state_memory [state_memory.py:43]: Sensor update lab=lab2 sensor=lab2_hum_1 t=21.88 h=46.89 ts=1765196474
2025-12-08 12:21:14,789 INFO controller.state_memory [state_memory.py:43]: Sensor update lab=lab2 sensor=lab2_hum_2 t=21.78 h=46.29 ts=1765196474
2025-12-08 12:21:14,791 INFO controller.state_memory [state_memory.py:43]: Sensor update lab=lab3 sensor=lab3_temp_1 t=21.83 h=44.88 ts=1765196474
2025-12-08 12:21:14,794 INFO controller.state_memory [state_memory.py:43]: Sensor update lab=lab3 sensor=lab3_temp_2 t=21.92 h=45.09 ts=1765196474
2025-12-08 12:21:14,795 INFO controller.state_memory [state_memory.py:43]: Sensor update lab=lab3 sensor=lab3_hum_1 t=21.95 h=45.14 ts=1765196474
2025-12-08 12:21:14,796 INFO controller.state_memory [state_memory.py:43]: Sensor update lab=lab3 sensor=lab3_hum_2 t=21.82 h=45.15 ts=1765196474
2025-12-08 12:21:17,125 INFO controller.state_memory [state_memory.py:50]: Actuator feedback lab=lab3 actuator=lab3_fan_1 state=OFF ts=1765196477
2025-12-08 12:21:24,106 INFO controller.state_memory [state_memory.py:43]: Sensor update lab=lab1 sensor=lab1_temp_1 t=22.79 h=53.17 ts=1765196484
2025-12-08 12:21:24,108 INFO controller.state_memory [state_memory.py:43]: Sensor update lab=lab1 sensor=lab1_temp_2 t=22.92 h=53.14 ts=1765196484
2025-12-08 12:21:24,112 INFO controller.state_memory [state_memory.py:43]: Sensor update lab=lab1 sensor=lab1_hum_1 t=22.57 h=53.23 ts=1765196484
2025-12-08 12:21:24,118 INFO controller.state_memory [state_memory.py:43]: Sensor update lab=lab1 sensor=lab1_hum_2 t=22.82 h=52.74 ts=1765196484
2025-12-08 12:21:24,119 INFO controller.state_memory [state_memory.py:43]: Sensor update lab=lab2 sensor=lab2_temp_1 t=21.86 h=46.69 ts=1765196484
2025-12-08 12:21:24,125 INFO controller.state_memory [state_memory.py:43]: Sensor update lab=lab2 sensor=lab2_temp_2 t=22.02 h=46.67 ts=1765196484
2025-12-08 12:21:24,127 INFO controller.state_memory [state_memory.py:43]: Sensor update lab=lab2 sensor=lab2_hum_1 t=21.90 h=46.69 ts=1765196484
2025-12-08 12:21:24,128 INFO controller.state_memory [state_memory.py:43]: Sensor update lab=lab2 sensor=lab2_hum_2 t=21.83 h=46.11 ts=1765196484
2025-12-08 12:21:24,129 INFO controller.state_memory [state_memory.py:43]: Sensor update lab=lab3 sensor=lab3_temp_1 t=21.89 h=44.97 ts=1765196484
2025-12-08 12:21:24,166 INFO controller.state_memory [state_memory.py:43]: Sensor update lab=lab3 sensor=lab3_temp_2 t=21.85 h=45.02 ts=1765196484
2025-12-08 12:21:24,171 INFO controller.state_memory [state_memory.py:43]: Sensor update lab=lab3 sensor=lab3_hum_1 t=21.91 h=44.95 ts=1765196484
2025-12-08 12:21:24,179 INFO controller.state_memory [state_memory.py:43]: Sensor update lab=lab3 sensor=lab3_hum_2 t=22.07 h=44.80 ts=1765196484
2025-12-08 12:21:33,555 INFO controller.state_memory [state_memory.py:43]: Sensor update lab=lab1 sensor=lab1_temp_1 t=22.45 h=53.17 ts=1765196493
2025-12-08 12:21:33,557 INFO controller.state_memory [state_memory.py:43]: Sensor update lab=lab1 sensor=lab1_temp_2 t=22.31 h=53.19 ts=1765196493
2025-12-08 12:21:33,559 INFO controller.state_memory [state_memory.py:43]: Sensor update lab=lab1 sensor=lab1_hum_1 t=22.46 h=53.46 ts=1765196493
2025-12-08 12:21:33,561 INFO controller.state_memory [state_memory.py:43]: Sensor update lab=lab1 sensor=lab1_hum_2 t=22.49 h=52.76 ts=1765196493
2025-12-08 12:21:33,565 INFO controller.state_memory [state_memory.py:43]: Sensor update lab=lab2 sensor=lab2_temp_1 t=22.37 h=46.71 ts=1765196493
2025-12-08 12:21:33,569 INFO controller.state_memory [state_memory.py:43]: Sensor update lab=lab2 sensor=lab2_temp_2 t=21.94 h=46.90 ts=1765196493
2025-12-08 12:21:33,571 INFO controller.state_memory [state_memory.py:43]: Sensor update lab=lab2 sensor=lab2_hum_1 t=22.19 h=46.84 ts=1765196493
2025-12-08 12:21:33,576 INFO controller.state_memory [state_memory.py:43]: Sensor update lab=lab2 sensor=lab2_hum_2 t=22.16 h=47.06 ts=1765196493
2025-12-08 12:21:33,580 INFO controller.state_memory [state_memory.py:43]: Sensor update lab=lab3 sensor=lab3_temp_1 t=21.90 h=44.65 ts=1765196493
2025-12-08 12:21:33,583 INFO controller.state_memory [state_memory.py:43]: Sensor update lab=lab3 sensor=lab3_temp_2 t=22.29 h=44.85 ts=1765196493
2025-12-08 12:21:33,585 INFO controller.state_memory [state_memory.py:43]: Sensor update lab=lab3 sensor=lab3_hum_1 t=22.07 h=45.22 ts=1765196493
2025-12-08 12:21:33,589 INFO controller.state_memory [state_memory.py:43]: Sensor update lab=lab3 sensor=lab3_hum_2 t=22.13 h=44.56 ts=1765196493
2025-12-08 12:21:43,558 INFO controller.state_memory [state_memory.py:43]: Sensor update lab=lab1 sensor=lab1_temp_1 t=22.15 h=58.44 ts=1765196503
2025-12-08 12:21:43,565 INFO controller.state_memory [state_memory.py:43]: Sensor update lab=lab1 sensor=lab1_temp_2 t=22.26 h=58.18 ts=1765196503
2025-12-08 12:21:43,570 INFO controller.state_memory [state_memory.py:43]: Sensor update lab=lab1 sensor=lab1_hum_1 t=22.29 h=57.73 ts=1765196503
2025-12-08 12:21:43,572 INFO controller.state_memory [state_memory.py:43]: Sensor update lab=lab1 sensor=lab1_hum_2 t=22.55 h=57.74 ts=1765196503
2025-12-08 12:21:43,573 INFO controller.state_memory [state_memory.py:43]: Sensor update lab=lab2 sensor=lab2_temp_1 t=22.16 h=46.60 ts=1765196503
2025-12-08 12:21:43,574 INFO controller.state_memory [state_memory.py:43]: Sensor update lab=lab2 sensor=lab2_temp_2 t=21.86 h=46.52 ts=1765196503
2025-12-08 12:21:43,577 INFO controller.state_memory [state_memory.py:43]: Sensor update lab=lab2 sensor=lab2_hum_1 t=21.90 h=46.18 ts=1765196503
2025-12-08 12:21:43,579 INFO controller.state_memory [state_memory.py:43]: Sensor update lab=lab2 sensor=lab2_hum_2 t=21.88 h=46.52 ts=1765196503
2025-12-08 12:21:43,581 INFO controller.state_memory [state_memory.py:43]: Sensor update lab=lab3 sensor=lab3_temp_1 t=22.46 h=44.71 ts=1765196503
2025-12-08 12:21:43,585 INFO controller.state_memory [state_memory.py:43]: Sensor update lab=lab3 sensor=lab3_temp_2 t=22.43 h=44.59 ts=1765196503
2025-12-08 12:21:43,587 INFO controller.state_memory [state_memory.py:43]: Sensor update lab=lab3 sensor=lab3_hum_1 t=22.36 h=44.91 ts=1765196503
2025-12-08 12:21:43,589 INFO controller.state_memory [state_memory.py:43]: Sensor update lab=lab3 sensor=lab3_hum_2 t=22.36 h=44.48 ts=1765196503
2025-12-08 12:21:54,387 INFO controller.state_memory [state_memory.py:43]: Sensor update lab=lab1 sensor=lab1_temp_1 t=22.56 h=57.86 ts=1765196514
2025-12-08 12:21:54,389 INFO controller.state_memory [state_memory.py:43]: Sensor update lab=lab1 sensor=lab1_temp_2 t=22.71 h=58.16 ts=1765196514
2025-12-08 12:21:54,391 INFO controller.state_memory [state_memory.py:43]: Sensor update lab=lab1 sensor=lab1_hum_1 t=22.40 h=57.67 ts=1765196514
2025-12-08 12:21:54,394 INFO controller.state_memory [state_memory.py:43]: Sensor update lab=lab1 sensor=lab1_hum_2 t=22.49 h=58.37 ts=1765196514
2025-12-08 12:21:54,395 INFO controller.state_memory [state_memory.py:43]: Sensor update lab=lab2 sensor=lab2_temp_1 t=21.97 h=46.31 ts=1765196514
2025-12-08 12:21:54,399 INFO controller.state_memory [state_memory.py:43]: Sensor update lab=lab2 sensor=lab2_temp_2 t=22.10 h=46.28 ts=1765196514
2025-12-08 12:21:54,402 INFO controller.state_memory [state_memory.py:43]: Sensor update lab=lab2 sensor=lab2_hum_1 t=22.11 h=46.14 ts=1765196514
2025-12-08 12:21:54,406 INFO controller.state_memory [state_memory.py:43]: Sensor update lab=lab2 sensor=lab2_hum_2 t=21.76 h=46.10 ts=1765196514
2025-12-08 12:21:54,408 INFO controller.state_memory [state_memory.py:43]: Sensor update lab=lab3 sensor=lab3_temp_1 t=22.52 h=44.69 ts=1765196514
2025-12-08 12:21:54,410 INFO controller.state_memory [state_memory.py:43]: Sensor update lab=lab3 sensor=lab3_temp_2 t=22.41 h=44.66 ts=1765196514
2025-12-08 12:21:54,411 INFO controller.state_memory [state_memory.py:43]: Sensor update lab=lab3 sensor=lab3_hum_1 t=22.40 h=44.85 ts=1765196514
2025-12-08 12:21:54,413 INFO controller.state_memory [state_memory.py:43]: Sensor update lab=lab3 sensor=lab3_hum_2 t=22.17 h=44.85 ts=1765196514
2025-12-08 12:22:04,026 INFO controller.state_memory [state_memory.py:43]: Sensor update lab=lab1 sensor=lab1_temp_1 t=22.66 h=57.87 ts=1765196524
2025-12-08 12:22:04,035 INFO controller.state_memory [state_memory.py:43]: Sensor update lab=lab1 sensor=lab1_temp_2 t=22.40 h=57.91 ts=1765196524
2025-12-08 12:22:04,036 INFO controller.state_memory [state_memory.py:43]: Sensor update lab=lab1 sensor=lab1_hum_1 t=22.64 h=57.65 ts=1765196524
2025-12-08 12:22:04,040 INFO controller.state_memory [state_memory.py:43]: Sensor update lab=lab1 sensor=lab1_hum_2 t=22.65 h=57.57 ts=1765196524
2025-12-08 12:22:04,042 INFO controller.state_memory [state_memory.py:43]: Sensor update lab=lab2 sensor=lab2_temp_1 t=22.16 h=46.82 ts=1765196524
2025-12-08 12:22:04,043 INFO controller.state_memory [state_memory.py:43]: Sensor update lab=lab2 sensor=lab2_temp_2 t=21.94 h=46.80 ts=1765196524
2025-12-08 12:22:04,045 INFO controller.state_memory [state_memory.py:43]: Sensor update lab=lab2 sensor=lab2_hum_1 t=22.13 h=47.15 ts=1765196524
2025-12-08 12:22:04,049 INFO controller.state_memory [state_memory.py:43]: Sensor update lab=lab2 sensor=lab2_hum_2 t=21.96 h=46.41 ts=1765196524
2025-12-08 12:22:04,052 INFO controller.state_memory [state_memory.py:43]: Sensor update lab=lab3 sensor=lab3_temp_1 t=22.29 h=45.16 ts=1765196524
2025-12-08 12:22:04,057 INFO controller.state_memory [state_memory.py:43]: Sensor update lab=lab3 sensor=lab3_temp_2 t=22.24 h=45.09 ts=1765196524
2025-12-08 12:22:04,059 INFO controller.state_memory [state_memory.py:43]: Sensor update lab=lab3 sensor=lab3_hum_1 t=22.35 h=44.68 ts=1765196524
2025-12-08 12:22:04,062 INFO controller.state_memory [state_memory.py:43]: Sensor update lab=lab3 sensor=lab3_hum_2 t=22.60 h=45.12 ts=1765196524
2025-12-08 12:22:13,989 INFO controller.state_memory [state_memory.py:43]: Sensor update lab=lab1 sensor=lab1_temp_1 t=22.26 h=57.44 ts=1765196533
2025-12-08 12:22:13,997 INFO controller.state_memory [state_memory.py:43]: Sensor update lab=lab1 sensor=lab1_temp_2 t=22.35 h=57.44 ts=1765196533
2025-12-08 12:22:14,002 INFO controller.state_memory [state_memory.py:43]: Sensor update lab=lab1 sensor=lab1_hum_1 t=22.38 h=58.19 ts=1765196533
2025-12-08 12:22:14,007 INFO controller.state_memory [state_memory.py:43]: Sensor update lab=lab1 sensor=lab1_hum_2 t=22.27 h=57.37 ts=1765196533
2025-12-08 12:22:14,009 INFO controller.state_memory [state_memory.py:43]: Sensor update lab=lab2 sensor=lab2_temp_1 t=22.09 h=46.46 ts=1765196533
2025-12-08 12:22:14,011 INFO controller.state_memory [state_memory.py:43]: Sensor update lab=lab2 sensor=lab2_temp_2 t=22.01 h=46.68 ts=1765196533
2025-12-08 12:22:14,014 INFO controller.state_memory [state_memory.py:43]: Sensor update lab=lab2 sensor=lab2_hum_1 t=22.15 h=46.36 ts=1765196533
2025-12-08 12:22:14,016 INFO controller.state_memory [state_memory.py:43]: Sensor update lab=lab2 sensor=lab2_hum_2 t=21.83 h=47.06 ts=1765196533
2025-12-08 12:22:14,019 INFO controller.state_memory [state_memory.py:43]: Sensor update lab=lab3 sensor=lab3_temp_1 t=22.45 h=51.31 ts=1765196533
2025-12-08 12:22:14,021 INFO controller.state_memory [state_memory.py:43]: Sensor update lab=lab3 sensor=lab3_temp_2 t=22.43 h=51.32 ts=1765196533
2025-12-08 12:22:14,026 INFO controller.state_memory [state_memory.py:43]: Sensor update lab=lab3 sensor=lab3_hum_1 t=22.24 h=51.01 ts=1765196533
2025-12-08 12:22:14,029 INFO controller.state_memory [state_memory.py:43]: Sensor update lab=lab3 sensor=lab3_hum_2 t=22.51 h=50.96 ts=1765196533
2025-12-08 12:22:25,025 INFO controller.state_memory [state_memory.py:43]: Sensor update lab=lab1 sensor=lab1_temp_1 t=22.77 h=62.41 ts=1765196545
2025-12-08 12:22:25,027 INFO controller.state_memory [state_memory.py:43]: Sensor update lab=lab1 sensor=lab1_temp_2 t=22.68 h=62.37 ts=1765196545
2025-12-08 12:22:25,029 INFO controller.state_memory [state_memory.py:43]: Sensor update lab=lab1 sensor=lab1_hum_1 t=22.61 h=62.05 ts=1765196545
2025-12-08 12:22:25,030 INFO controller.state_memory [state_memory.py:43]: Sensor update lab=lab1 sensor=lab1_hum_2 t=22.61 h=62.40 ts=1765196545
2025-12-08 12:22:25,031 INFO controller.state_memory [state_memory.py:43]: Sensor update lab=lab2 sensor=lab2_temp_1 t=21.84 h=46.86 ts=1765196545
2025-12-08 12:22:25,032 INFO controller.state_memory [state_memory.py:43]: Sensor update lab=lab2 sensor=lab2_temp_2 t=21.85 h=46.49 ts=1765196545
2025-12-08 12:22:25,036 INFO controller.state_memory [state_memory.py:43]: Sensor update lab=lab2 sensor=lab2_hum_1 t=21.75 h=46.33 ts=1765196545
2025-12-08 12:22:25,037 INFO controller.state_memory [state_memory.py:43]: Sensor update lab=lab2 sensor=lab2_hum_2 t=21.91 h=46.21 ts=1765196545
2025-12-08 12:22:25,038 INFO controller.state_memory [state_memory.py:43]: Sensor update lab=lab3 sensor=lab3_temp_1 t=22.21 h=51.03 ts=1765196545
2025-12-08 12:22:25,039 INFO controller.state_memory [state_memory.py:43]: Sensor update lab=lab3 sensor=lab3_temp_2 t=22.60 h=51.23 ts=1765196545
2025-12-08 12:22:25,041 INFO controller.state_memory [state_memory.py:43]: Sensor update lab=lab3 sensor=lab3_hum_1 t=22.31 h=51.57 ts=1765196545
2025-12-08 12:22:25,042 INFO controller.state_memory [state_memory.py:43]: Sensor update lab=lab3 sensor=lab3_hum_2 t=22.23 h=50.92 ts=1765196545
2025-12-08 12:22:34,839 INFO controller.state_memory [state_memory.py:43]: Sensor update lab=lab1 sensor=lab1_temp_1 t=22.82 h=62.53 ts=1765196554
2025-12-08 12:22:34,849 INFO controller.state_memory [state_memory.py:43]: Sensor update lab=lab1 sensor=lab1_temp_2 t=22.53 h=62.19 ts=1765196554
2025-12-08 12:22:34,851 INFO controller.state_memory [state_memory.py:43]: Sensor update lab=lab1 sensor=lab1_hum_1 t=22.47 h=61.88 ts=1765196554
2025-12-08 12:22:34,855 INFO controller.state_memory [state_memory.py:43]: Sensor update lab=lab1 sensor=lab1_hum_2 t=22.77 h=62.88 ts=1765196554
2025-12-08 12:22:34,856 INFO controller.state_memory [state_memory.py:43]: Sensor update lab=lab2 sensor=lab2_temp_1 t=21.86 h=52.89 ts=1765196554
2025-12-08 12:22:34,858 INFO controller.state_memory [state_memory.py:43]: Sensor update lab=lab2 sensor=lab2_temp_2 t=21.77 h=52.79 ts=1765196554
2025-12-08 12:22:34,859 INFO controller.state_memory [state_memory.py:43]: Sensor update lab=lab2 sensor=lab2_hum_1 t=21.99 h=52.89 ts=1765196554
2025-12-08 12:22:34,864 INFO controller.state_memory [state_memory.py:43]: Sensor update lab=lab2 sensor=lab2_hum_2 t=21.77 h=53.08 ts=1765196554
2025-12-08 12:22:34,866 INFO controller.state_memory [state_memory.py:43]: Sensor update lab=lab3 sensor=lab3_temp_1 t=22.24 h=51.26 ts=1765196554
2025-12-08 12:22:34,868 INFO controller.state_memory [state_memory.py:43]: Sensor update lab=lab3 sensor=lab3_temp_2 t=22.39 h=50.96 ts=1765196554
2025-12-08 12:22:34,873 INFO controller.state_memory [state_memory.py:43]: Sensor update lab=lab3 sensor=lab3_hum_1 t=22.43 h=50.58 ts=1765196554
2025-12-08 12:22:34,877 INFO controller.state_memory [state_memory.py:43]: Sensor update lab=lab3 sensor=lab3_hum_2 t=22.37 h=51.66 ts=1765196554
2025-12-08 12:22:37,299 INFO controller.state_memory [state_memory.py:50]: Actuator feedback lab=lab1 actuator=lab1_fan_1 state=ON ts=1765196557
2025-12-08 12:22:37,342 INFO controller.state_memory [state_memory.py:50]: Actuator feedback lab=lab1 actuator=lab1_dehumidifier_1 state=ON ts=1765196557
2025-12-08 12:22:45,487 INFO controller.state_memory [state_memory.py:43]: Sensor update lab=lab1 sensor=lab1_temp_1 t=22.37 h=60.60 ts=1765196565
2025-12-08 12:22:45,497 INFO controller.state_memory [state_memory.py:43]: Sensor update lab=lab1 sensor=lab1_temp_2 t=22.31 h=60.56 ts=1765196565
2025-12-08 12:22:45,498 INFO controller.state_memory [state_memory.py:43]: Sensor update lab=lab1 sensor=lab1_hum_1 t=22.39 h=60.81 ts=1765196565
2025-12-08 12:22:45,500 INFO controller.state_memory [state_memory.py:43]: Sensor update lab=lab1 sensor=lab1_hum_2 t=22.29 h=60.64 ts=1765196565
2025-12-08 12:22:45,504 INFO controller.state_memory [state_memory.py:43]: Sensor update lab=lab2 sensor=lab2_temp_1 t=22.05 h=53.16 ts=1765196565
2025-12-08 12:22:45,505 INFO controller.state_memory [state_memory.py:43]: Sensor update lab=lab2 sensor=lab2_temp_2 t=21.78 h=52.91 ts=1765196565
2025-12-08 12:22:45,512 INFO controller.state_memory [state_memory.py:43]: Sensor update lab=lab2 sensor=lab2_hum_1 t=21.65 h=53.15 ts=1765196565
2025-12-08 12:22:45,514 INFO controller.state_memory [state_memory.py:43]: Sensor update lab=lab2 sensor=lab2_hum_2 t=21.81 h=52.64 ts=1765196565
2025-12-08 12:22:45,516 INFO controller.state_memory [state_memory.py:43]: Sensor update lab=lab3 sensor=lab3_temp_1 t=21.89 h=51.22 ts=1765196565
2025-12-08 12:22:45,518 INFO controller.state_memory [state_memory.py:43]: Sensor update lab=lab3 sensor=lab3_temp_2 t=22.04 h=51.03 ts=1765196565
2025-12-08 12:22:45,520 INFO controller.state_memory [state_memory.py:43]: Sensor update lab=lab3 sensor=lab3_hum_1 t=22.13 h=50.79 ts=1765196565
2025-12-08 12:22:45,526 INFO controller.state_memory [state_memory.py:43]: Sensor update lab=lab3 sensor=lab3_hum_2 t=21.92 h=50.53 ts=1765196565
2025-12-08 12:22:56,281 INFO controller.state_memory [state_memory.py:43]: Sensor update lab=lab1 sensor=lab1_temp_1 t=21.77 h=58.95 ts=1765196576
2025-12-08 12:22:56,291 INFO controller.state_memory [state_memory.py:43]: Sensor update lab=lab1 sensor=lab1_temp_2 t=21.78 h=59.29 ts=1765196576
2025-12-08 12:22:56,294 INFO controller.state_memory [state_memory.py:43]: Sensor update lab=lab1 sensor=lab1_hum_1 t=21.99 h=58.82 ts=1765196576
2025-12-08 12:22:56,296 INFO controller.state_memory [state_memory.py:43]: Sensor update lab=lab1 sensor=lab1_hum_2 t=21.92 h=59.64 ts=1765196576
2025-12-08 12:22:56,298 INFO controller.state_memory [state_memory.py:43]: Sensor update lab=lab2 sensor=lab2_temp_1 t=21.94 h=53.03 ts=1765196576
2025-12-08 12:22:56,300 INFO controller.state_memory [state_memory.py:43]: Sensor update lab=lab2 sensor=lab2_temp_2 t=21.87 h=53.10 ts=1765196576
2025-12-08 12:22:56,302 INFO controller.state_memory [state_memory.py:43]: Sensor update lab=lab2 sensor=lab2_hum_1 t=21.59 h=52.87 ts=1765196576
2025-12-08 12:22:56,326 INFO controller.state_memory [state_memory.py:43]: Sensor update lab=lab2 sensor=lab2_hum_2 t=21.62 h=53.28 ts=1765196576
2025-12-08 12:22:56,327 INFO controller.state_memory [state_memory.py:43]: Sensor update lab=lab3 sensor=lab3_temp_1 t=22.19 h=51.40 ts=1765196576
2025-12-08 12:22:56,329 INFO controller.state_memory [state_memory.py:43]: Sensor update lab=lab3 sensor=lab3_temp_2 t=22.23 h=51.46 ts=1765196576
2025-12-08 12:22:56,331 INFO controller.state_memory [state_memory.py:43]: Sensor update lab=lab3 sensor=lab3_hum_1 t=22.41 h=51.74 ts=1765196576
2025-12-08 12:22:56,332 INFO controller.state_memory [state_memory.py:43]: Sensor update lab=lab3 sensor=lab3_hum_2 t=22.40 h=51.88 ts=1765196576
2025-12-08 12:23:05,357 INFO controller.state_memory [state_memory.py:43]: Sensor update lab=lab1 sensor=lab1_temp_1 t=21.51 h=57.16 ts=1765196585
2025-12-08 12:23:05,379 INFO controller.state_memory [state_memory.py:43]: Sensor update lab=lab1 sensor=lab1_temp_2 t=21.94 h=57.26 ts=1765196585
2025-12-08 12:23:05,381 INFO controller.state_memory [state_memory.py:43]: Sensor update lab=lab1 sensor=lab1_hum_1 t=21.80 h=57.28 ts=1765196585
2025-12-08 12:23:05,382 INFO controller.state_memory [state_memory.py:43]: Sensor update lab=lab1 sensor=lab1_hum_2 t=21.68 h=57.40 ts=1765196585
2025-12-08 12:23:05,384 INFO controller.state_memory [state_memory.py:43]: Sensor update lab=lab2 sensor=lab2_temp_1 t=21.54 h=53.06 ts=1765196585
2025-12-08 12:23:05,386 INFO controller.state_memory [state_memory.py:43]: Sensor update lab=lab2 sensor=lab2_temp_2 t=21.34 h=52.99 ts=1765196585
2025-12-08 12:23:05,389 INFO controller.state_memory [state_memory.py:43]: Sensor update lab=lab2 sensor=lab2_hum_1 t=21.43 h=52.49 ts=1765196585
2025-12-08 12:23:05,390 INFO controller.state_memory [state_memory.py:43]: Sensor update lab=lab2 sensor=lab2_hum_2 t=21.74 h=52.64 ts=1765196585
2025-12-08 12:23:05,405 INFO controller.state_memory [state_memory.py:43]: Sensor update lab=lab3 sensor=lab3_temp_1 t=22.06 h=50.98 ts=1765196585
2025-12-08 12:23:05,407 INFO controller.state_memory [state_memory.py:43]: Sensor update lab=lab3 sensor=lab3_temp_2 t=22.05 h=51.17 ts=1765196585
2025-12-08 12:23:05,408 INFO controller.state_memory [state_memory.py:43]: Sensor update lab=lab3 sensor=lab3_hum_1 t=22.39 h=50.95 ts=1765196585
2025-12-08 12:23:05,409 INFO controller.state_memory [state_memory.py:43]: Sensor update lab=lab3 sensor=lab3_hum_2 t=22.21 h=50.87 ts=1765196585
2025-12-08 12:23:16,398 INFO controller.state_memory [state_memory.py:43]: Sensor update lab=lab1 sensor=lab1_temp_1 t=21.39 h=55.51 ts=1765196596
2025-12-08 12:23:16,410 INFO controller.state_memory [state_memory.py:43]: Sensor update lab=lab1 sensor=lab1_temp_2 t=21.29 h=55.34 ts=1765196596
2025-12-08 12:23:16,412 INFO controller.state_memory [state_memory.py:43]: Sensor update lab=lab1 sensor=lab1_hum_1 t=21.46 h=55.06 ts=1765196596
2025-12-08 12:23:16,414 INFO controller.state_memory [state_memory.py:43]: Sensor update lab=lab1 sensor=lab1_hum_2 t=21.46 h=55.27 ts=1765196596
2025-12-08 12:23:16,415 INFO controller.state_memory [state_memory.py:43]: Sensor update lab=lab2 sensor=lab2_temp_1 t=21.58 h=53.06 ts=1765196596
2025-12-08 12:23:16,417 INFO controller.state_memory [state_memory.py:43]: Sensor update lab=lab2 sensor=lab2_temp_2 t=21.91 h=52.94 ts=1765196596
2025-12-08 12:23:16,420 INFO controller.state_memory [state_memory.py:43]: Sensor update lab=lab2 sensor=lab2_hum_1 t=21.63 h=53.11 ts=1765196596
2025-12-08 12:23:16,422 INFO controller.state_memory [state_memory.py:43]: Sensor update lab=lab2 sensor=lab2_hum_2 t=21.70 h=53.22 ts=1765196596
2025-12-08 12:23:16,430 INFO controller.state_memory [state_memory.py:43]: Sensor update lab=lab3 sensor=lab3_temp_1 t=22.43 h=50.85 ts=1765196596
2025-12-08 12:23:16,432 INFO controller.state_memory [state_memory.py:43]: Sensor update lab=lab3 sensor=lab3_temp_2 t=21.99 h=50.86 ts=1765196596
2025-12-08 12:23:16,435 INFO controller.state_memory [state_memory.py:43]: Sensor update lab=lab3 sensor=lab3_hum_1 t=22.19 h=50.15 ts=1765196596
2025-12-08 12:23:16,436 INFO controller.state_memory [state_memory.py:43]: Sensor update lab=lab3 sensor=lab3_hum_2 t=22.25 h=50.53 ts=1765196596
2025-12-08 12:23:17,522 INFO controller.state_memory [state_memory.py:50]: Actuator feedback lab=lab1 actuator=lab1_dehumidifier_1 state=OFF ts=1765196597
2025-12-08 12:23:26,241 INFO controller.state_memory [state_memory.py:43]: Sensor update lab=lab1 sensor=lab1_temp_1 t=20.75 h=54.75 ts=1765196606
2025-12-08 12:23:26,248 INFO controller.state_memory [state_memory.py:43]: Sensor update lab=lab1 sensor=lab1_temp_2 t=20.92 h=54.74 ts=1765196606
2025-12-08 12:23:26,250 INFO controller.state_memory [state_memory.py:43]: Sensor update lab=lab1 sensor=lab1_hum_1 t=20.84 h=55.21 ts=1765196606
2025-12-08 12:23:26,267 INFO controller.state_memory [state_memory.py:43]: Sensor update lab=lab1 sensor=lab1_hum_2 t=20.89 h=55.18 ts=1765196606
2025-12-08 12:23:26,270 INFO controller.state_memory [state_memory.py:43]: Sensor update lab=lab2 sensor=lab2_temp_1 t=21.56 h=53.49 ts=1765196606
2025-12-08 12:23:26,274 INFO controller.state_memory [state_memory.py:43]: Sensor update lab=lab2 sensor=lab2_temp_2 t=21.43 h=53.43 ts=1765196606
2025-12-08 12:23:26,275 INFO controller.state_memory [state_memory.py:43]: Sensor update lab=lab2 sensor=lab2_hum_1 t=21.70 h=53.22 ts=1765196606
2025-12-08 12:23:26,277 INFO controller.state_memory [state_memory.py:43]: Sensor update lab=lab2 sensor=lab2_hum_2 t=21.45 h=53.44 ts=1765196606
2025-12-08 12:23:26,278 INFO controller.state_memory [state_memory.py:43]: Sensor update lab=lab3 sensor=lab3_temp_1 t=22.33 h=52.83 ts=1765196606
2025-12-08 12:23:26,279 INFO controller.state_memory [state_memory.py:43]: Sensor update lab=lab3 sensor=lab3_temp_2 t=22.26 h=52.93 ts=1765196606
2025-12-08 12:23:26,280 INFO controller.state_memory [state_memory.py:43]: Sensor update lab=lab3 sensor=lab3_hum_1 t=22.55 h=52.53 ts=1765196606
2025-12-08 12:23:26,281 INFO controller.state_memory [state_memory.py:43]: Sensor update lab=lab3 sensor=lab3_hum_2 t=22.30 h=52.46 ts=1765196606
2025-12-08 12:23:36,179 INFO controller.state_memory [state_memory.py:43]: Sensor update lab=lab1 sensor=lab1_temp_1 t=20.49 h=59.19 ts=1765196616
2025-12-08 12:23:36,182 INFO controller.state_memory [state_memory.py:43]: Sensor update lab=lab1 sensor=lab1_temp_2 t=20.99 h=59.22 ts=1765196616
2025-12-08 12:23:36,183 INFO controller.state_memory [state_memory.py:43]: Sensor update lab=lab1 sensor=lab1_hum_1 t=20.70 h=59.84 ts=1765196616
2025-12-08 12:23:36,184 INFO controller.state_memory [state_memory.py:43]: Sensor update lab=lab1 sensor=lab1_hum_2 t=20.69 h=59.79 ts=1765196616
2025-12-08 12:23:36,185 INFO controller.state_memory [state_memory.py:43]: Sensor update lab=lab2 sensor=lab2_temp_1 t=21.76 h=53.30 ts=1765196616
2025-12-08 12:23:36,187 INFO controller.state_memory [state_memory.py:43]: Sensor update lab=lab2 sensor=lab2_temp_2 t=21.33 h=53.44 ts=1765196616
2025-12-08 12:23:36,188 INFO controller.state_memory [state_memory.py:43]: Sensor update lab=lab2 sensor=lab2_hum_1 t=21.75 h=52.76 ts=1765196616
2025-12-08 12:23:36,189 INFO controller.state_memory [state_memory.py:43]: Sensor update lab=lab2 sensor=lab2_hum_2 t=21.56 h=52.84 ts=1765196616
2025-12-08 12:23:36,190 INFO controller.state_memory [state_memory.py:43]: Sensor update lab=lab3 sensor=lab3_temp_1 t=22.65 h=53.25 ts=1765196616
2025-12-08 12:23:36,191 INFO controller.state_memory [state_memory.py:43]: Sensor update lab=lab3 sensor=lab3_temp_2 t=22.37 h=53.45 ts=1765196616
2025-12-08 12:23:36,192 INFO controller.state_memory [state_memory.py:43]: Sensor update lab=lab3 sensor=lab3_hum_1 t=22.34 h=53.25 ts=1765196616
2025-12-08 12:23:36,193 INFO controller.state_memory [state_memory.py:43]: Sensor update lab=lab3 sensor=lab3_hum_2 t=22.26 h=53.27 ts=1765196616
2025-12-08 12:23:37,529 INFO controller.state_memory [state_memory.py:50]: Actuator feedback lab=lab1 actuator=lab1_fan_1 state=OFF ts=1765196617
2025-12-08 12:23:46,253 INFO controller.state_memory [state_memory.py:43]: Sensor update lab=lab1 sensor=lab1_temp_1 t=20.61 h=58.94 ts=1765196626
2025-12-08 12:23:46,255 INFO controller.state_memory [state_memory.py:43]: Sensor update lab=lab1 sensor=lab1_temp_2 t=20.92 h=58.85 ts=1765196626
2025-12-08 12:23:46,256 INFO controller.state_memory [state_memory.py:43]: Sensor update lab=lab1 sensor=lab1_hum_1 t=20.83 h=59.52 ts=1765196626
2025-12-08 12:23:46,257 INFO controller.state_memory [state_memory.py:43]: Sensor update lab=lab1 sensor=lab1_hum_2 t=20.76 h=58.79 ts=1765196626
2025-12-08 12:23:46,259 INFO controller.state_memory [state_memory.py:43]: Sensor update lab=lab2 sensor=lab2_temp_1 t=21.75 h=52.97 ts=1765196626
2025-12-08 12:23:46,259 INFO controller.state_memory [state_memory.py:43]: Sensor update lab=lab2 sensor=lab2_temp_2 t=21.87 h=53.22 ts=1765196626
2025-12-08 12:23:46,260 INFO controller.state_memory [state_memory.py:43]: Sensor update lab=lab2 sensor=lab2_hum_1 t=21.85 h=53.73 ts=1765196626
2025-12-08 12:23:46,261 INFO controller.state_memory [state_memory.py:43]: Sensor update lab=lab2 sensor=lab2_hum_2 t=21.64 h=53.62 ts=1765196626
2025-12-08 12:23:46,262 INFO controller.state_memory [state_memory.py:43]: Sensor update lab=lab3 sensor=lab3_temp_1 t=22.61 h=53.24 ts=1765196626
2025-12-08 12:23:46,263 INFO controller.state_memory [state_memory.py:43]: Sensor update lab=lab3 sensor=lab3_temp_2 t=22.49 h=53.43 ts=1765196626
2025-12-08 12:23:46,264 INFO controller.state_memory [state_memory.py:43]: Sensor update lab=lab3 sensor=lab3_hum_1 t=22.64 h=53.40 ts=1765196626
2025-12-08 12:23:46,265 INFO controller.state_memory [state_memory.py:43]: Sensor update lab=lab3 sensor=lab3_hum_2 t=22.61 h=52.71 ts=1765196626
2025-12-08 12:23:55,524 INFO controller.state_memory [state_memory.py:43]: Sensor update lab=lab1 sensor=lab1_temp_1 t=20.68 h=58.94 ts=1765196635
2025-12-08 12:23:55,524 INFO controller.state_memory [state_memory.py:43]: Sensor update lab=lab1 sensor=lab1_temp_2 t=20.90 h=59.06 ts=1765196635
2025-12-08 12:23:55,525 INFO controller.state_memory [state_memory.py:43]: Sensor update lab=lab1 sensor=lab1_hum_1 t=20.98 h=58.87 ts=1765196635
2025-12-08 12:23:55,526 INFO controller.state_memory [state_memory.py:43]: Sensor update lab=lab1 sensor=lab1_hum_2 t=21.06 h=58.99 ts=1765196635
2025-12-08 12:23:55,527 INFO controller.state_memory [state_memory.py:43]: Sensor update lab=lab2 sensor=lab2_temp_1 t=21.64 h=53.53 ts=1765196635
2025-12-08 12:23:55,528 INFO controller.state_memory [state_memory.py:43]: Sensor update lab=lab2 sensor=lab2_temp_2 t=21.55 h=53.41 ts=1765196635
2025-12-08 12:23:55,529 INFO controller.state_memory [state_memory.py:43]: Sensor update lab=lab2 sensor=lab2_hum_1 t=21.65 h=54.09 ts=1765196635
2025-12-08 12:23:55,530 INFO controller.state_memory [state_memory.py:43]: Sensor update lab=lab2 sensor=lab2_hum_2 t=21.34 h=53.32 ts=1765196635
2025-12-08 12:23:55,531 INFO controller.state_memory [state_memory.py:43]: Sensor update lab=lab3 sensor=lab3_temp_1 t=22.25 h=53.28 ts=1765196635
2025-12-08 12:23:55,531 INFO controller.state_memory [state_memory.py:43]: Sensor update lab=lab3 sensor=lab3_temp_2 t=22.37 h=53.10 ts=1765196635
2025-12-08 12:23:55,532 INFO controller.state_memory [state_memory.py:43]: Sensor update lab=lab3 sensor=lab3_hum_1 t=22.21 h=53.02 ts=1765196635
2025-12-08 12:23:55,533 INFO controller.state_memory [state_memory.py:43]: Sensor update lab=lab3 sensor=lab3_hum_2 t=22.15 h=53.66 ts=1765196635
2025-12-08 12:24:04,699 INFO controller.state_memory [state_memory.py:43]: Sensor update lab=lab1 sensor=lab1_temp_1 t=21.36 h=59.68 ts=1765196644
2025-12-08 12:24:04,700 INFO controller.state_memory [state_memory.py:43]: Sensor update lab=lab1 sensor=lab1_temp_2 t=21.22 h=59.49 ts=1765196644
2025-12-08 12:24:04,743 INFO controller.state_memory [state_memory.py:43]: Sensor update lab=lab1 sensor=lab1_hum_1 t=21.00 h=59.36 ts=1765196644
2025-12-08 12:24:04,744 INFO controller.state_memory [state_memory.py:43]: Sensor update lab=lab1 sensor=lab1_hum_2 t=21.20 h=59.89 ts=1765196644
2025-12-08 12:24:04,745 INFO controller.state_memory [state_memory.py:43]: Sensor update lab=lab2 sensor=lab2_temp_1 t=21.47 h=53.68 ts=1765196644
2025-12-08 12:24:04,746 INFO controller.state_memory [state_memory.py:43]: Sensor update lab=lab2 sensor=lab2_temp_2 t=21.26 h=53.78 ts=1765196644
2025-12-08 12:24:04,746 INFO controller.state_memory [state_memory.py:43]: Sensor update lab=lab2 sensor=lab2_hum_1 t=21.33 h=53.69 ts=1765196644
2025-12-08 12:24:04,747 INFO controller.state_memory [state_memory.py:43]: Sensor update lab=lab2 sensor=lab2_hum_2 t=21.27 h=53.80 ts=1765196644
2025-12-08 12:24:04,748 INFO controller.state_memory [state_memory.py:43]: Sensor update lab=lab3 sensor=lab3_temp_1 t=22.63 h=52.86 ts=1765196644
2025-12-08 12:24:04,749 INFO controller.state_memory [state_memory.py:43]: Sensor update lab=lab3 sensor=lab3_temp_2 t=22.59 h=52.72 ts=1765196644
2025-12-08 12:24:04,749 INFO controller.state_memory [state_memory.py:43]: Sensor update lab=lab3 sensor=lab3_hum_1 t=22.53 h=52.84 ts=1765196644
2025-12-08 12:24:04,751 INFO controller.state_memory [state_memory.py:43]: Sensor update lab=lab3 sensor=lab3_hum_2 t=22.23 h=52.81 ts=1765196644
2025-12-08 12:24:15,420 INFO controller.state_memory [state_memory.py:43]: Sensor update lab=lab1 sensor=lab1_temp_1 t=21.05 h=59.61 ts=1765196655
2025-12-08 12:24:15,422 INFO controller.state_memory [state_memory.py:43]: Sensor update lab=lab1 sensor=lab1_temp_2 t=20.81 h=59.68 ts=1765196655
2025-12-08 12:24:15,423 INFO controller.state_memory [state_memory.py:43]: Sensor update lab=lab1 sensor=lab1_hum_1 t=21.12 h=60.17 ts=1765196655
2025-12-08 12:24:15,425 INFO controller.state_memory [state_memory.py:43]: Sensor update lab=lab1 sensor=lab1_hum_2 t=20.87 h=59.42 ts=1765196655
2025-12-08 12:24:15,427 INFO controller.state_memory [state_memory.py:43]: Sensor update lab=lab2 sensor=lab2_temp_1 t=21.34 h=53.57 ts=1765196655
2025-12-08 12:24:15,428 INFO controller.state_memory [state_memory.py:43]: Sensor update lab=lab2 sensor=lab2_temp_2 t=21.26 h=53.67 ts=1765196655
2025-12-08 12:24:15,429 INFO controller.state_memory [state_memory.py:43]: Sensor update lab=lab2 sensor=lab2_hum_1 t=21.14 h=53.14 ts=1765196655
2025-12-08 12:24:15,430 INFO controller.state_memory [state_memory.py:43]: Sensor update lab=lab2 sensor=lab2_hum_2 t=21.19 h=53.35 ts=1765196655
2025-12-08 12:24:15,431 INFO controller.state_memory [state_memory.py:43]: Sensor update lab=lab3 sensor=lab3_temp_1 t=22.36 h=53.41 ts=1765196655
2025-12-08 12:24:15,433 INFO controller.state_memory [state_memory.py:43]: Sensor update lab=lab3 sensor=lab3_temp_2 t=22.51 h=53.46 ts=1765196655
2025-12-08 12:24:15,434 INFO controller.state_memory [state_memory.py:43]: Sensor update lab=lab3 sensor=lab3_hum_1 t=22.58 h=53.32 ts=1765196655
2025-12-08 12:24:15,435 INFO controller.state_memory [state_memory.py:43]: Sensor update lab=lab3 sensor=lab3_hum_2 t=22.36 h=52.95 ts=1765196655
2025-12-08 12:24:26,168 INFO controller.state_memory [state_memory.py:43]: Sensor update lab=lab1 sensor=lab1_temp_1 t=20.98 h=59.72 ts=1765196666
2025-12-08 12:24:26,169 INFO controller.state_memory [state_memory.py:43]: Sensor update lab=lab1 sensor=lab1_temp_2 t=20.90 h=59.54 ts=1765196666
2025-12-08 12:24:26,171 INFO controller.state_memory [state_memory.py:43]: Sensor update lab=lab1 sensor=lab1_hum_1 t=20.96 h=60.06 ts=1765196666
2025-12-08 12:24:26,172 INFO controller.state_memory [state_memory.py:43]: Sensor update lab=lab1 sensor=lab1_hum_2 t=21.03 h=59.88 ts=1765196666
2025-12-08 12:24:26,173 INFO controller.state_memory [state_memory.py:43]: Sensor update lab=lab2 sensor=lab2_temp_1 t=21.04 h=54.39 ts=1765196666
2025-12-08 12:24:26,175 INFO controller.state_memory [state_memory.py:43]: Sensor update lab=lab2 sensor=lab2_temp_2 t=20.83 h=54.37 ts=1765196666
2025-12-08 12:24:26,176 INFO controller.state_memory [state_memory.py:43]: Sensor update lab=lab2 sensor=lab2_hum_1 t=21.04 h=53.67 ts=1765196666
2025-12-08 12:24:26,178 INFO controller.state_memory [state_memory.py:43]: Sensor update lab=lab2 sensor=lab2_hum_2 t=21.17 h=54.58 ts=1765196666
2025-12-08 12:24:26,180 INFO controller.state_memory [state_memory.py:43]: Sensor update lab=lab3 sensor=lab3_temp_1 t=22.34 h=53.15 ts=1765196666
2025-12-08 12:24:26,181 INFO controller.state_memory [state_memory.py:43]: Sensor update lab=lab3 sensor=lab3_temp_2 t=22.59 h=53.27 ts=1765196666
2025-12-08 12:24:26,182 INFO controller.state_memory [state_memory.py:43]: Sensor update lab=lab3 sensor=lab3_hum_1 t=22.46 h=52.55 ts=1765196666
2025-12-08 12:24:26,184 INFO controller.state_memory [state_memory.py:43]: Sensor update lab=lab3 sensor=lab3_hum_2 t=22.44 h=53.44 ts=1765196666
2025-12-08 12:24:36,552 INFO controller.state_memory [state_memory.py:43]: Sensor update lab=lab1 sensor=lab1_temp_1 t=21.26 h=59.98 ts=1765196676
2025-12-08 12:24:36,554 INFO controller.state_memory [state_memory.py:43]: Sensor update lab=lab1 sensor=lab1_temp_2 t=20.80 h=59.99 ts=1765196676
2025-12-08 12:24:36,556 INFO controller.state_memory [state_memory.py:43]: Sensor update lab=lab1 sensor=lab1_hum_1 t=21.12 h=59.90 ts=1765196676
2025-12-08 12:24:36,564 INFO controller.state_memory [state_memory.py:43]: Sensor update lab=lab1 sensor=lab1_hum_2 t=21.06 h=59.66 ts=1765196676
2025-12-08 12:24:36,565 INFO controller.state_memory [state_memory.py:43]: Sensor update lab=lab2 sensor=lab2_temp_1 t=21.19 h=54.48 ts=1765196676
2025-12-08 12:24:36,566 INFO controller.state_memory [state_memory.py:43]: Sensor update lab=lab2 sensor=lab2_temp_2 t=21.07 h=54.40 ts=1765196676
2025-12-08 12:24:36,567 INFO controller.state_memory [state_memory.py:43]: Sensor update lab=lab2 sensor=lab2_hum_1 t=20.98 h=54.36 ts=1765196676
2025-12-08 12:24:36,569 INFO controller.state_memory [state_memory.py:43]: Sensor update lab=lab2 sensor=lab2_hum_2 t=20.96 h=54.43 ts=1765196676
2025-12-08 12:24:36,570 INFO controller.state_memory [state_memory.py:43]: Sensor update lab=lab3 sensor=lab3_temp_1 t=22.50 h=53.00 ts=1765196676
2025-12-08 12:24:36,571 INFO controller.state_memory [state_memory.py:43]: Sensor update lab=lab3 sensor=lab3_temp_2 t=22.13 h=52.91 ts=1765196676
2025-12-08 12:24:36,572 INFO controller.state_memory [state_memory.py:43]: Sensor update lab=lab3 sensor=lab3_hum_1 t=22.44 h=52.36 ts=1765196676
2025-12-08 12:24:36,574 INFO controller.state_memory [state_memory.py:43]: Sensor update lab=lab3 sensor=lab3_hum_2 t=22.30 h=52.64 ts=1765196676
2025-12-08 12:24:47,053 INFO controller.state_memory [state_memory.py:43]: Sensor update lab=lab1 sensor=lab1_temp_1 t=21.24 h=60.19 ts=1765196687
2025-12-08 12:24:47,058 INFO controller.state_memory [state_memory.py:43]: Sensor update lab=lab1 sensor=lab1_temp_2 t=20.87 h=60.18 ts=1765196687
2025-12-08 12:24:47,059 INFO controller.state_memory [state_memory.py:43]: Sensor update lab=lab1 sensor=lab1_hum_1 t=20.99 h=60.02 ts=1765196687
2025-12-08 12:24:47,060 INFO controller.state_memory [state_memory.py:43]: Sensor update lab=lab1 sensor=lab1_hum_2 t=21.10 h=60.54 ts=1765196687
2025-12-08 12:24:47,061 INFO controller.state_memory [state_memory.py:43]: Sensor update lab=lab2 sensor=lab2_temp_1 t=21.25 h=54.35 ts=1765196687
2025-12-08 12:24:47,062 INFO controller.state_memory [state_memory.py:43]: Sensor update lab=lab2 sensor=lab2_temp_2 t=21.56 h=54.55 ts=1765196687
2025-12-08 12:24:47,065 INFO controller.state_memory [state_memory.py:43]: Sensor update lab=lab2 sensor=lab2_hum_1 t=21.31 h=54.32 ts=1765196687
2025-12-08 12:24:47,066 INFO controller.state_memory [state_memory.py:43]: Sensor update lab=lab2 sensor=lab2_hum_2 t=21.31 h=54.03 ts=1765196687
2025-12-08 12:24:47,067 INFO controller.state_memory [state_memory.py:43]: Sensor update lab=lab3 sensor=lab3_temp_1 t=22.48 h=52.90 ts=1765196687
2025-12-08 12:24:47,068 INFO controller.state_memory [state_memory.py:43]: Sensor update lab=lab3 sensor=lab3_temp_2 t=22.49 h=52.86 ts=1765196687
2025-12-08 12:24:47,070 INFO controller.state_memory [state_memory.py:43]: Sensor update lab=lab3 sensor=lab3_hum_1 t=22.47 h=52.45 ts=1765196687
2025-12-08 12:24:47,071 INFO controller.state_memory [state_memory.py:43]: Sensor update lab=lab3 sensor=lab3_hum_2 t=22.36 h=52.26 ts=1765196687
2025-12-08 12:24:57,259 INFO controller.state_memory [state_memory.py:43]: Sensor update lab=lab1 sensor=lab1_temp_1 t=21.08 h=60.33 ts=1765196697
2025-12-08 12:24:57,268 INFO controller.state_memory [state_memory.py:43]: Sensor update lab=lab1 sensor=lab1_temp_2 t=20.79 h=60.27 ts=1765196697
2025-12-08 12:24:57,275 INFO controller.state_memory [state_memory.py:43]: Sensor update lab=lab1 sensor=lab1_hum_1 t=20.79 h=60.26 ts=1765196697
2025-12-08 12:24:57,279 INFO controller.state_memory [state_memory.py:43]: Sensor update lab=lab1 sensor=lab1_hum_2 t=20.83 h=59.82 ts=1765196697
2025-12-08 12:24:57,280 INFO controller.state_memory [state_memory.py:43]: Sensor update lab=lab2 sensor=lab2_temp_1 t=21.34 h=57.70 ts=1765196697
2025-12-08 12:24:57,282 INFO controller.state_memory [state_memory.py:43]: Sensor update lab=lab2 sensor=lab2_temp_2 t=21.06 h=57.80 ts=1765196697
2025-12-08 12:24:57,296 INFO controller.state_memory [state_memory.py:43]: Sensor update lab=lab2 sensor=lab2_hum_1 t=21.03 h=57.18 ts=1765196697
2025-12-08 12:24:57,297 INFO controller.state_memory [state_memory.py:43]: Sensor update lab=lab2 sensor=lab2_hum_2 t=21.18 h=58.18 ts=1765196697
2025-12-08 12:24:57,298 INFO controller.state_memory [state_memory.py:43]: Sensor update lab=lab3 sensor=lab3_temp_1 t=22.78 h=52.99 ts=1765196697
2025-12-08 12:24:57,314 INFO controller.state_memory [state_memory.py:43]: Sensor update lab=lab3 sensor=lab3_temp_2 t=22.76 h=53.14 ts=1765196697
2025-12-08 12:24:57,319 INFO controller.state_memory [state_memory.py:43]: Sensor update lab=lab3 sensor=lab3_hum_1 t=22.58 h=53.48 ts=1765196697
2025-12-08 12:24:57,320 INFO controller.state_memory [state_memory.py:43]: Sensor update lab=lab3 sensor=lab3_hum_2 t=22.62 h=52.71 ts=1765196697
2025-12-08 12:24:57,764 INFO controller.state_memory [state_memory.py:50]: Actuator feedback lab=lab1 actuator=lab1_fan_1 state=ON ts=1765196697
2025-12-08 12:24:57,806 INFO controller.state_memory [state_memory.py:50]: Actuator feedback lab=lab1 actuator=lab1_dehumidifier_1 state=ON ts=1765196697
2025-12-08 12:25:06,506 INFO controller.state_memory [state_memory.py:43]: Sensor update lab=lab1 sensor=lab1_temp_1 t=20.62 h=58.36 ts=1765196706
2025-12-08 12:25:06,514 INFO controller.state_memory [state_memory.py:43]: Sensor update lab=lab1 sensor=lab1_temp_2 t=20.31 h=58.31 ts=1765196706
2025-12-08 12:25:06,523 INFO controller.state_memory [state_memory.py:43]: Sensor update lab=lab1 sensor=lab1_hum_1 t=20.60 h=58.01 ts=1765196706
2025-12-08 12:25:06,530 INFO controller.state_memory [state_memory.py:43]: Sensor update lab=lab1 sensor=lab1_hum_2 t=20.36 h=57.97 ts=1765196706
2025-12-08 12:25:06,538 INFO controller.state_memory [state_memory.py:43]: Sensor update lab=lab2 sensor=lab2_temp_1 t=21.12 h=58.21 ts=1765196706
2025-12-08 12:25:06,543 INFO controller.state_memory [state_memory.py:43]: Sensor update lab=lab2 sensor=lab2_temp_2 t=21.06 h=58.25 ts=1765196706
2025-12-08 12:25:06,548 INFO controller.state_memory [state_memory.py:43]: Sensor update lab=lab2 sensor=lab2_hum_1 t=20.89 h=57.93 ts=1765196706
2025-12-08 12:25:06,551 INFO controller.state_memory [state_memory.py:43]: Sensor update lab=lab2 sensor=lab2_hum_2 t=21.13 h=58.17 ts=1765196706
2025-12-08 12:25:06,554 INFO controller.state_memory [state_memory.py:43]: Sensor update lab=lab3 sensor=lab3_temp_1 t=22.39 h=53.41 ts=1765196706
2025-12-08 12:25:06,556 INFO controller.state_memory [state_memory.py:43]: Sensor update lab=lab3 sensor=lab3_temp_2 t=22.61 h=53.06 ts=1765196706
2025-12-08 12:25:06,558 INFO controller.state_memory [state_memory.py:43]: Sensor update lab=lab3 sensor=lab3_hum_1 t=22.66 h=53.40 ts=1765196706
2025-12-08 12:25:06,559 INFO controller.state_memory [state_memory.py:43]: Sensor update lab=lab3 sensor=lab3_hum_2 t=22.56 h=53.18 ts=1765196706
2025-12-08 12:28:05,865 WARNING controller.state_memory [state_memory.py:87]: Sensor offline detected for lab=lab1 last_seen=0 now=1765196885
2025-12-08 12:28:05,867 WARNING controller.state_memory [state_memory.py:87]: Sensor offline detected for lab=lab2 last_seen=0 now=1765196885
2025-12-08 12:28:05,869 WARNING controller.state_memory [state_memory.py:87]: Sensor offline detected for lab=lab3 last_seen=0 now=1765196885
2025-12-08 12:28:05,869 INFO Device_connectors.sensor_bridge [sensor_bridge.py:44]: Sensor bridge listening on labs/+/sensors/+/state
2025-12-08 12:28:07,869 INFO controller.state_memory [state_memory.py:43]: Sensor update lab=lab1 sensor=lab1_temp_1 t=23.94 h=55.98 ts=1764859609
2025-12-08 12:28:07,871 INFO controller.state_memory [state_memory.py:43]: Sensor update lab=lab1 sensor=lab1_temp_2 t=23.78 h=56.03 ts=1764859609
2025-12-08 12:28:07,873 INFO controller.state_memory [state_memory.py:43]: Sensor update lab=lab1 sensor=lab1_hum_1 t=23.73 h=56.54 ts=1764859609
2025-12-08 12:28:07,874 INFO controller.state_memory [state_memory.py:43]: Sensor update lab=lab1 sensor=lab1_hum_2 t=23.77 h=56.26 ts=1764859609
2025-12-08 12:28:07,877 INFO controller.state_memory [state_memory.py:43]: Sensor update lab=lab1 sensor=sensor_t t=21.59 h=59.25 ts=1764788382
2025-12-08 12:28:07,880 INFO controller.state_memory [state_memory.py:43]: Sensor update lab=lab2 sensor=lab2_temp_1 t=21.85 h=58.12 ts=1764859609
2025-12-08 12:28:07,883 INFO controller.state_memory [state_memory.py:43]: Sensor update lab=lab2 sensor=lab2_temp_2 t=21.46 h=58.25 ts=1764859609
2025-12-08 12:28:07,885 INFO controller.state_memory [state_memory.py:43]: Sensor update lab=lab2 sensor=lab2_hum_1 t=21.85 h=58.63 ts=1764859609
2025-12-08 12:28:07,887 INFO controller.state_memory [state_memory.py:43]: Sensor update lab=lab2 sensor=lab2_hum_2 t=21.89 h=58.82 ts=1764859609
2025-12-08 12:28:07,888 INFO controller.state_memory [state_memory.py:43]: Sensor update lab=lab3 sensor=lab3_temp_1 t=22.19 h=46.29 ts=1764859609
2025-12-08 12:28:07,891 INFO controller.state_memory [state_memory.py:43]: Sensor update lab=lab3 sensor=lab3_temp_2 t=22.09 h=46.40 ts=1764859609
2025-12-08 12:28:07,893 INFO controller.state_memory [state_memory.py:43]: Sensor update lab=lab3 sensor=lab3_hum_1 t=22.04 h=46.79 ts=1764859609
2025-12-08 12:28:07,895 INFO controller.state_memory [state_memory.py:43]: Sensor update lab=lab3 sensor=lab3_hum_2 t=22.02 h=46.56 ts=1764859609
2025-12-08 12:28:07,896 INFO controller.state_memory [state_memory.py:50]: Actuator feedback lab=lab1 actuator=lab1_heater_1 state=OFF ts=1764859432
2025-12-08 12:28:07,898 INFO controller.state_memory [state_memory.py:50]: Actuator feedback lab=lab1 actuator=lab1_fan_1 state=OFF ts=1764859527
2025-12-08 12:28:07,899 INFO controller.state_memory [state_memory.py:50]: Actuator feedback lab=lab1 actuator=lab1_humidifier_1 state=OFF ts=1763808912
2025-12-08 12:28:07,901 INFO controller.state_memory [state_memory.py:50]: Actuator feedback lab=lab1 actuator=lab1_dehumidifier_1 state=OFF ts=1764859400
2025-12-08 12:28:07,902 INFO controller.state_memory [state_memory.py:50]: Actuator feedback lab=lab2 actuator=lab2_heater_1 state=OFF ts=1764859059
2025-12-08 12:28:07,904 INFO controller.state_memory [state_memory.py:50]: Actuator feedback lab=lab2 actuator=lab2_fan_1 state=OFF ts=1764859537
2025-12-08 12:28:07,905 INFO controller.state_memory [state_memory.py:50]: Actuator feedback lab=lab2 actuator=lab2_humidifier_1 state=OFF ts=1763808912
2025-12-08 12:28:07,907 INFO controller.state_memory [state_memory.py:50]: Actuator feedback lab=lab2 actuator=lab2_dehumidifier_1 state=OFF ts=1764859000
2025-12-08 12:28:07,908 INFO controller.state_memory [state_memory.py:50]: Actuator feedback lab=lab3 actuator=lab3_heater_1 state=OFF ts=1764789512
2025-12-08 12:28:07,911 INFO controller.state_memory [state_memory.py:50]: Actuator feedback lab=lab3 actuator=lab3_fan_1 state=OFF ts=1764859551
2025-12-08 12:28:07,913 INFO controller.state_memory [state_memory.py:50]: Actuator feedback lab=lab3 actuator=lab3_humidifier_1 state=OFF ts=1763806984
2025-12-08 12:28:07,914 INFO controller.state_memory [state_memory.py:50]: Actuator feedback lab=lab3 actuator=lab3_dehumidifier_1 state=OFF ts=1764859059
2025-12-08 12:28:07,915 INFO controller.state_memory [state_memory.py:50]: Actuator feedback lab=lab1 actuator=lab1_fan_1 state=OFF ts=1765196885
2025-12-08 12:28:07,917 INFO controller.state_memory [state_memory.py:50]: Actuator feedback lab=lab1 actuator=lab1_dehumidifier_1 state=OFF ts=1765196885
2025-12-08 12:28:07,918 INFO controller.state_memory [state_memory.py:50]: Actuator feedback lab=lab1 actuator=lab1_humidifier_1 state=OFF ts=1765196885
2025-12-08 12:28:07,919 INFO controller.state_memory [state_memory.py:50]: Actuator feedback lab=lab1 actuator=lab1_heater_1 state=OFF ts=1765196885
2025-12-08 12:28:07,921 INFO controller.state_memory [state_memory.py:50]: Actuator feedback lab=lab2 actuator=lab2_fan_1 state=OFF ts=1765196885
2025-12-08 12:28:07,923 INFO controller.state_memory [state_memory.py:50]: Actuator feedback lab=lab2 actuator=lab2_dehumidifier_1 state=OFF ts=1765196885
2025-12-08 12:28:07,925 INFO controller.state_memory [state_memory.py:50]: Actuator feedback lab=lab2 actuator=lab2_humidifier_1 state=OFF ts=1765196885
2025-12-08 12:28:07,927 INFO controller.state_memory [state_memory.py:50]: Actuator feedback lab=lab2 actuator=lab2_heater_1 state=OFF ts=1765196885
2025-12-08 12:28:07,928 INFO controller.state_memory [state_memory.py:50]: Actuator feedback lab=lab3 actuator=lab3_fan_1 state=OFF ts=1765196885
2025-12-08 12:28:07,930 INFO controller.state_memory [state_memory.py:50]: Actuator feedback lab=lab3 actuator=lab3_dehumidifier_1 state=OFF ts=1765196885
2025-12-08 12:28:07,931 INFO controller.state_memory [state_memory.py:50]: Actuator feedback lab=lab3 actuator=lab3_humidifier_1 state=OFF ts=1765196885
2025-12-08 12:28:07,932 INFO controller.state_memory [state_memory.py:50]: Actuator feedback lab=lab3 actuator=lab3_heater_1 state=OFF ts=1765196885
2025-12-08 12:28:07,933 INFO controller.state_memory [state_memory.py:43]: Sensor update lab=lab1 sensor=lab1_temp_1 t=25.67 h=48.98 ts=1765196885
2025-12-08 12:28:07,935 INFO controller.state_memory [state_memory.py:43]: Sensor update lab=lab1 sensor=lab1_temp_2 t=25.56 h=49.13 ts=1765196885
2025-12-08 12:28:07,936 INFO controller.state_memory [state_memory.py:43]: Sensor update lab=lab1 sensor=lab1_hum_1 t=25.50 h=49.21 ts=1765196885
2025-12-08 12:28:07,938 INFO controller.state_memory [state_memory.py:43]: Sensor update lab=lab1 sensor=lab1_hum_2 t=25.49 h=49.48 ts=1765196885
2025-12-08 12:28:07,939 INFO controller.state_memory [state_memory.py:43]: Sensor update lab=lab2 sensor=lab2_temp_1 t=26.65 h=50.43 ts=1765196885
2025-12-08 12:28:07,941 INFO controller.state_memory [state_memory.py:43]: Sensor update lab=lab2 sensor=lab2_temp_2 t=26.76 h=50.39 ts=1765196885
2025-12-08 12:28:07,943 INFO controller.state_memory [state_memory.py:43]: Sensor update lab=lab2 sensor=lab2_hum_1 t=26.74 h=50.00 ts=1765196885
2025-12-08 12:28:07,945 INFO controller.state_memory [state_memory.py:43]: Sensor update lab=lab2 sensor=lab2_hum_2 t=26.65 h=50.61 ts=1765196885
2025-12-08 12:28:07,946 INFO controller.state_memory [state_memory.py:43]: Sensor update lab=lab3 sensor=lab3_temp_1 t=25.18 h=60.63 ts=1765196885
2025-12-08 12:28:07,948 INFO controller.state_memory [state_memory.py:43]: Sensor update lab=lab3 sensor=lab3_temp_2 t=25.45 h=60.59 ts=1765196885
2025-12-08 12:28:07,950 INFO controller.state_memory [state_memory.py:43]: Sensor update lab=lab3 sensor=lab3_hum_1 t=25.12 h=60.76 ts=1765196885
2025-12-08 12:28:07,951 INFO controller.state_memory [state_memory.py:43]: Sensor update lab=lab3 sensor=lab3_hum_2 t=25.34 h=60.33 ts=1765196885
2025-12-08 12:28:07,971 INFO controller.state_memory [state_memory.py:50]: Actuator feedback lab=lab1 actuator=lab1_heater_1 state=OFF ts=1764859432
2025-12-08 12:28:07,973 INFO controller.state_memory [state_memory.py:50]: Actuator feedback lab=lab1 actuator=lab1_fan_1 state=OFF ts=1764859527
2025-12-08 12:28:07,974 INFO controller.state_memory [state_memory.py:50]: Actuator feedback lab=lab1 actuator=lab1_humidifier_1 state=OFF ts=1763808912
2025-12-08 12:28:07,975 INFO controller.state_memory [state_memory.py:50]: Actuator feedback lab=lab1 actuator=lab1_dehumidifier_1 state=OFF ts=1764859400
2025-12-08 12:28:07,977 INFO controller.state_memory [state_memory.py:50]: Actuator feedback lab=lab2 actuator=lab2_heater_1 state=OFF ts=1764859059
2025-12-08 12:28:07,978 INFO controller.state_memory [state_memory.py:50]: Actuator feedback lab=lab2 actuator=lab2_fan_1 state=OFF ts=1764859537
2025-12-08 12:28:07,979 INFO controller.state_memory [state_memory.py:50]: Actuator feedback lab=lab2 actuator=lab2_humidifier_1 state=OFF ts=1763808912
2025-12-08 12:28:07,980 INFO controller.state_memory [state_memory.py:50]: Actuator feedback lab=lab2 actuator=lab2_dehumidifier_1 state=OFF ts=1764859000
2025-12-08 12:28:07,981 INFO controller.state_memory [state_memory.py:50]: Actuator feedback lab=lab3 actuator=lab3_heater_1 state=OFF ts=1764789512
2025-12-08 12:28:07,982 INFO controller.state_memory [state_memory.py:50]: Actuator feedback lab=lab3 actuator=lab3_fan_1 state=OFF ts=1764859551
2025-12-08 12:28:07,983 INFO controller.state_memory [state_memory.py:50]: Actuator feedback lab=lab3 actuator=lab3_humidifier_1 state=OFF ts=1763806984
2025-12-08 12:28:07,984 INFO controller.state_memory [state_memory.py:50]: Actuator feedback lab=lab3 actuator=lab3_dehumidifier_1 state=OFF ts=1764859059
2025-12-08 12:28:15,923 INFO controller.state_memory [state_memory.py:43]: Sensor update lab=lab1 sensor=lab1_temp_1 t=25.18 h=49.20 ts=1765196895
2025-12-08 12:28:15,931 INFO controller.state_memory [state_memory.py:43]: Sensor update lab=lab1 sensor=lab1_temp_2 t=25.23 h=49.43 ts=1765196895
2025-12-08 12:28:15,936 INFO controller.state_memory [state_memory.py:43]: Sensor update lab=lab1 sensor=lab1_hum_1 t=25.49 h=49.25 ts=1765196895
2025-12-08 12:28:15,943 INFO controller.state_memory [state_memory.py:43]: Sensor update lab=lab1 sensor=lab1_hum_2 t=25.35 h=49.38 ts=1765196895
2025-12-08 12:28:15,949 INFO controller.state_memory [state_memory.py:43]: Sensor update lab=lab2 sensor=lab2_temp_1 t=26.41 h=50.46 ts=1765196895
2025-12-08 12:28:15,953 INFO controller.state_memory [state_memory.py:43]: Sensor update lab=lab2 sensor=lab2_temp_2 t=26.65 h=50.22 ts=1765196895
2025-12-08 12:28:15,961 INFO controller.state_memory [state_memory.py:43]: Sensor update lab=lab2 sensor=lab2_hum_1 t=26.51 h=50.61 ts=1765196895
2025-12-08 12:28:16,056 INFO controller.state_memory [state_memory.py:43]: Sensor update lab=lab2 sensor=lab2_hum_2 t=26.77 h=49.78 ts=1765196895
2025-12-08 12:28:16,064 INFO controller.state_memory [state_memory.py:43]: Sensor update lab=lab3 sensor=lab3_temp_1 t=24.93 h=60.25 ts=1765196895
2025-12-08 12:28:16,070 INFO controller.state_memory [state_memory.py:43]: Sensor update lab=lab3 sensor=lab3_temp_2 t=24.98 h=60.06 ts=1765196895
2025-12-08 12:28:16,075 INFO controller.state_memory [state_memory.py:43]: Sensor update lab=lab3 sensor=lab3_hum_1 t=25.02 h=59.60 ts=1765196895
2025-12-08 12:28:16,078 INFO controller.state_memory [state_memory.py:43]: Sensor update lab=lab3 sensor=lab3_hum_2 t=25.31 h=59.83 ts=1765196895
2025-12-08 12:28:26,240 INFO controller.state_memory [state_memory.py:43]: Sensor update lab=lab1 sensor=lab1_temp_1 t=25.59 h=54.73 ts=1765196906
2025-12-08 12:28:26,242 INFO controller.state_memory [state_memory.py:43]: Sensor update lab=lab1 sensor=lab1_temp_2 t=25.38 h=54.56 ts=1765196906
2025-12-08 12:28:26,243 INFO controller.state_memory [state_memory.py:43]: Sensor update lab=lab1 sensor=lab1_hum_1 t=25.28 h=54.59 ts=1765196906
2025-12-08 12:28:26,245 INFO controller.state_memory [state_memory.py:43]: Sensor update lab=lab1 sensor=lab1_hum_2 t=25.24 h=54.92 ts=1765196906
2025-12-08 12:28:26,246 INFO controller.state_memory [state_memory.py:43]: Sensor update lab=lab2 sensor=lab2_temp_1 t=26.40 h=50.16 ts=1765196906
2025-12-08 12:28:26,247 INFO controller.state_memory [state_memory.py:43]: Sensor update lab=lab2 sensor=lab2_temp_2 t=26.49 h=50.13 ts=1765196906
2025-12-08 12:28:26,248 INFO controller.state_memory [state_memory.py:43]: Sensor update lab=lab2 sensor=lab2_hum_1 t=26.54 h=49.92 ts=1765196906
2025-12-08 12:28:26,250 INFO controller.state_memory [state_memory.py:43]: Sensor update lab=lab2 sensor=lab2_hum_2 t=26.62 h=50.01 ts=1765196906
2025-12-08 12:28:26,252 INFO controller.state_memory [state_memory.py:43]: Sensor update lab=lab3 sensor=lab3_temp_1 t=25.25 h=59.86 ts=1765196906
2025-12-08 12:28:26,254 INFO controller.state_memory [state_memory.py:43]: Sensor update lab=lab3 sensor=lab3_temp_2 t=25.16 h=59.84 ts=1765196906
2025-12-08 12:28:26,256 INFO controller.state_memory [state_memory.py:43]: Sensor update lab=lab3 sensor=lab3_hum_1 t=25.03 h=59.54 ts=1765196906
2025-12-08 12:28:26,258 INFO controller.state_memory [state_memory.py:43]: Sensor update lab=lab3 sensor=lab3_hum_2 t=25.23 h=59.28 ts=1765196906
